

Started POST "/searches_create" for 127.0.0.1 at 2018-11-11 18:29:58 -0600

ActiveRecord::PendingMigrationError (

Migrations are pending. To resolve this issue, run:

	bin/rake db:migrate RAILS_ENV=development

):
  activerecord (4.2.10) lib/active_record/migration.rb:392:in `check_pending!'
  activerecord (4.2.10) lib/active_record/migration.rb:373:in `call'
  actionpack (4.2.10) lib/action_dispatch/middleware/callbacks.rb:29:in `block in call'
  activesupport (4.2.10) lib/active_support/callbacks.rb:88:in `__run_callbacks__'
  activesupport (4.2.10) lib/active_support/callbacks.rb:778:in `_run_call_callbacks'
  activesupport (4.2.10) lib/active_support/callbacks.rb:81:in `run_callbacks'
  actionpack (4.2.10) lib/action_dispatch/middleware/callbacks.rb:27:in `call'
  actionpack (4.2.10) lib/action_dispatch/middleware/reloader.rb:73:in `call'
  actionpack (4.2.10) lib/action_dispatch/middleware/remote_ip.rb:78:in `call'
  actionpack (4.2.10) lib/action_dispatch/middleware/debug_exceptions.rb:17:in `call'
  web-console (2.3.0) lib/web_console/middleware.rb:28:in `block in call'
  web-console (2.3.0) lib/web_console/middleware.rb:18:in `catch'
  web-console (2.3.0) lib/web_console/middleware.rb:18:in `call'
  actionpack (4.2.10) lib/action_dispatch/middleware/show_exceptions.rb:30:in `call'
  railties (4.2.10) lib/rails/rack/logger.rb:38:in `call_app'
  railties (4.2.10) lib/rails/rack/logger.rb:20:in `block in call'
  activesupport (4.2.10) lib/active_support/tagged_logging.rb:68:in `block in tagged'
  activesupport (4.2.10) lib/active_support/tagged_logging.rb:26:in `tagged'
  activesupport (4.2.10) lib/active_support/tagged_logging.rb:68:in `tagged'
  railties (4.2.10) lib/rails/rack/logger.rb:20:in `call'
  actionpack (4.2.10) lib/action_dispatch/middleware/request_id.rb:21:in `call'
  rack (1.6.10) lib/rack/methodoverride.rb:22:in `call'
  rack (1.6.10) lib/rack/runtime.rb:18:in `call'
  activesupport (4.2.10) lib/active_support/cache/strategy/local_cache_middleware.rb:28:in `call'
  rack (1.6.10) lib/rack/lock.rb:17:in `call'
  actionpack (4.2.10) lib/action_dispatch/middleware/static.rb:120:in `call'
  rack (1.6.10) lib/rack/sendfile.rb:113:in `call'
  railties (4.2.10) lib/rails/engine.rb:518:in `call'
  railties (4.2.10) lib/rails/application.rb:165:in `call'
  rack (1.6.10) lib/rack/lock.rb:17:in `call'
  rack (1.6.10) lib/rack/content_length.rb:15:in `call'
  rack (1.6.10) lib/rack/handler/webrick.rb:88:in `service'
  /root/.rbenv/versions/2.4.4/lib/ruby/2.4.0/webrick/httpserver.rb:140:in `service'
  /root/.rbenv/versions/2.4.4/lib/ruby/2.4.0/webrick/httpserver.rb:96:in `run'
  /root/.rbenv/versions/2.4.4/lib/ruby/2.4.0/webrick/server.rb:308:in `block in start_thread'


  Rendered /root/.rbenv/versions/2.4.4/lib/ruby/gems/2.4.0/gems/actionpack-4.2.10/lib/action_dispatch/middleware/templates/rescues/_source.erb (1.5ms)
  Rendered /root/.rbenv/versions/2.4.4/lib/ruby/gems/2.4.0/gems/actionpack-4.2.10/lib/action_dispatch/middleware/templates/rescues/_trace.html.erb (1.0ms)
  Rendered /root/.rbenv/versions/2.4.4/lib/ruby/gems/2.4.0/gems/actionpack-4.2.10/lib/action_dispatch/middleware/templates/rescues/_request_and_response.html.erb (0.6ms)
  Rendered /root/.rbenv/versions/2.4.4/lib/ruby/gems/2.4.0/gems/actionpack-4.2.10/lib/action_dispatch/middleware/templates/rescues/diagnostics.html.erb within rescues/layout (46.1ms)
  Rendered /root/.rbenv/versions/2.4.4/lib/ruby/gems/2.4.0/gems/web-console-2.3.0/lib/web_console/templates/_markup.html.erb (0.4ms)
  Rendered /root/.rbenv/versions/2.4.4/lib/ruby/gems/2.4.0/gems/web-console-2.3.0/lib/web_console/templates/_inner_console_markup.html.erb within layouts/inlined_string (0.2ms)
  Rendered /root/.rbenv/versions/2.4.4/lib/ruby/gems/2.4.0/gems/web-console-2.3.0/lib/web_console/templates/_prompt_box_markup.html.erb within layouts/inlined_string (0.2ms)
  Rendered /root/.rbenv/versions/2.4.4/lib/ruby/gems/2.4.0/gems/web-console-2.3.0/lib/web_console/templates/style.css.erb within layouts/inlined_string (0.3ms)
  Rendered /root/.rbenv/versions/2.4.4/lib/ruby/gems/2.4.0/gems/web-console-2.3.0/lib/web_console/templates/console.js.erb within layouts/javascript (51.6ms)
  Rendered /root/.rbenv/versions/2.4.4/lib/ruby/gems/2.4.0/gems/web-console-2.3.0/lib/web_console/templates/main.js.erb within layouts/javascript (0.2ms)
  Rendered /root/.rbenv/versions/2.4.4/lib/ruby/gems/2.4.0/gems/web-console-2.3.0/lib/web_console/templates/error_page.js.erb within layouts/javascript (0.5ms)
  Rendered /root/.rbenv/versions/2.4.4/lib/ruby/gems/2.4.0/gems/web-console-2.3.0/lib/web_console/templates/index.html.erb (108.4ms)
  [1m[36m (13.5ms)[0m  [1mCREATE TABLE "schema_migrations" ("version" varchar NOT NULL) [0m
  [1m[35m (0.1ms)[0m  select sqlite_version(*)
  [1m[36m (10.6ms)[0m  [1mCREATE UNIQUE INDEX "unique_schema_migrations" ON "schema_migrations" ("version")[0m
  [1m[35mActiveRecord::SchemaMigration Load (0.1ms)[0m  SELECT "schema_migrations".* FROM "schema_migrations"
Migrating to CreateUsers (20181023134801)
  [1m[36m (0.0ms)[0m  [1mbegin transaction[0m
DEPRECATION WARNING: `#timestamps` was called without specifying an option for `null`. In Rails 5, this behavior will change to `null: false`. You should manually specify `null: true` to prevent the behavior of your existing migrations from changing. (called from block in up at /mnt/c/users/kdorc/documents/selt_repos/selt18project-g005Dev/db/migrate/20181023134801_create_users.rb:15)
  [1m[35m (0.9ms)[0m  CREATE TABLE "users" ("id" INTEGER PRIMARY KEY AUTOINCREMENT NOT NULL, "user_name" varchar, "email" varchar, "password" varchar, "country" varchar, "session_token" varchar, "search_inputs" varchar, "current_search" varchar, "created_at" datetime, "updated_at" datetime) 
DEPRECATION WARNING: `#timestamps` was called without specifying an option for `null`. In Rails 5, this behavior will change to `null: false`. You should manually specify `null: true` to prevent the behavior of your existing migrations from changing. (called from block in up at /mnt/c/users/kdorc/documents/selt_repos/selt18project-g005Dev/db/migrate/20181023134801_create_users.rb:24)
  [1m[36m (0.1ms)[0m  [1mCREATE TABLE "searches" ("id" INTEGER PRIMARY KEY AUTOINCREMENT NOT NULL, "user_id" integer, "search_term" varchar, "from_date" varchar, "to_date" varchar, "number_of_tweets" varchar, "created_at" datetime, "updated_at" datetime) [0m
  [1m[35mSQL (0.2ms)[0m  INSERT INTO "schema_migrations" ("version") VALUES (?)  [["version", "20181023134801"]]
  [1m[36m (11.9ms)[0m  [1mcommit transaction[0m
Migrating to CreateSearches (20181103172647)
  [1m[35m (0.0ms)[0m  begin transaction
  [1m[36mSQL (0.8ms)[0m  [1mINSERT INTO "schema_migrations" ("version") VALUES (?)[0m  [["version", "20181103172647"]]
  [1m[35m (13.0ms)[0m  commit transaction
Migrating to AddSavedTopics (20181105223550)
  [1m[36m (0.0ms)[0m  [1mbegin transaction[0m
  [1m[35m (1.0ms)[0m  ALTER TABLE "searches" ADD "saved" boolean
  [1m[36m (0.2ms)[0m  [1mALTER TABLE "searches" ADD "country" varchar[0m
  [1m[35mSearches Load (0.1ms)[0m  SELECT "searches".* FROM "searches"
  [1m[36mSQL (0.2ms)[0m  [1mINSERT INTO "schema_migrations" ("version") VALUES (?)[0m  [["version", "20181105223550"]]
  [1m[35m (13.6ms)[0m  commit transaction
  [1m[36mActiveRecord::SchemaMigration Load (0.1ms)[0m  [1mSELECT "schema_migrations".* FROM "schema_migrations"[0m
  [1m[36mActiveRecord::SchemaMigration Load (0.1ms)[0m  [1mSELECT "schema_migrations".* FROM "schema_migrations"[0m
  [1m[35mActiveRecord::SchemaMigration Load (0.1ms)[0m  SELECT "schema_migrations".* FROM "schema_migrations"
  [1m[36mActiveRecord::SchemaMigration Load (0.1ms)[0m  [1mSELECT "schema_migrations".* FROM "schema_migrations"[0m
  [1m[35m (0.0ms)[0m  begin transaction
  [1m[36mSQL (0.9ms)[0m  [1mINSERT INTO "users" ("user_name", "email", "password", "country", "search_inputs", "created_at", "updated_at") VALUES (?, ?, ?, ?, ?, ?, ?)[0m  [["user_name", "Kyle"], ["email", "kylekyle@gmail.com"], ["password", "lmaopasswordsaredumb"], ["country", "United States"], ["search_inputs", "[]"], ["created_at", "2018-11-12 00:30:39.943740"], ["updated_at", "2018-11-12 00:30:39.943740"]]
  [1m[35m (11.3ms)[0m  commit transaction


Started GET "/" for 127.0.0.1 at 2018-11-11 18:30:47 -0600
  [1m[36mActiveRecord::SchemaMigration Load (0.2ms)[0m  [1mSELECT "schema_migrations".* FROM "schema_migrations"[0m
Processing by SearchesController#index as HTML
  [1m[35mUser Load (0.4ms)[0m  SELECT  "users".* FROM "users" WHERE "users"."session_token" = ? LIMIT 1  [["session_token", "xZsjG7og+uBsjtVFQgT/Pw=="]]
  Rendered searches/index.html.haml within layouts/application (21.7ms)
Completed 200 OK in 374ms (Views: 318.1ms | ActiveRecord: 0.6ms)


Started POST "/searches_create" for 127.0.0.1 at 2018-11-11 18:30:54 -0600
Processing by SearchesController#create as HTML
  Parameters: {"utf8"=>"✓", "authenticity_token"=>"qvpCy4f4Eu9YqKp5j+XcPqHQoIO+QyNtPq6tIIBR/CFWmiHt8H8nB0hkzV+GACUunwFVS+awicNmFTzqk2ZgzQ==", "searches"=>{"search_term"=>"cat"}, "time"=>"3", "commit"=>"Search"}
  [1m[36mUser Load (0.2ms)[0m  [1mSELECT  "users".* FROM "users" WHERE "users"."session_token" = ? LIMIT 1[0m  [["session_token", "xZsjG7og+uBsjtVFQgT/Pw=="]]
Redirected to http://localhost:3000/
Completed 302 Found in 7ms (ActiveRecord: 0.2ms)


Started GET "/" for 127.0.0.1 at 2018-11-11 18:30:54 -0600
Processing by SearchesController#index as HTML
  [1m[35mUser Load (0.3ms)[0m  SELECT  "users".* FROM "users" WHERE "users"."session_token" = ? LIMIT 1  [["session_token", "xZsjG7og+uBsjtVFQgT/Pw=="]]
  Rendered searches/index.html.haml within layouts/application (1.2ms)
Completed 200 OK in 31ms (Views: 28.4ms | ActiveRecord: 0.3ms)


Started GET "/login" for 127.0.0.1 at 2018-11-11 18:30:57 -0600
Processing by SessionsController#new as HTML
  Rendered sessions/new.html.haml within layouts/application (8.4ms)
Completed 200 OK in 36ms (Views: 35.9ms | ActiveRecord: 0.0ms)


Started POST "/login_create" for 127.0.0.1 at 2018-11-11 18:30:58 -0600
Processing by SessionsController#create as HTML
  Parameters: {"utf8"=>"✓", "authenticity_token"=>"2eBIoJKf146Mv2LgL3VSRlKcnSkseIRYHh3SNirsRVclgCuG5RjiZpxzBcYmkKtWbE1o4XSLLvZGpkP8OdvZuw==", "user"=>{"user_name"=>"cat", "password"=>"[FILTERED]"}, "commit"=>"Login to my account"}
  [1m[36mUser Exists (0.2ms)[0m  [1mSELECT  1 AS one FROM "users" WHERE "users"."user_name" = ? LIMIT 1[0m  [["user_name", "cat"]]
Redirected to http://localhost:3000/login
Completed 302 Found in 25ms (ActiveRecord: 0.2ms)


Started GET "/login" for 127.0.0.1 at 2018-11-11 18:30:58 -0600
Processing by SessionsController#new as HTML
  Rendered sessions/new.html.haml within layouts/application (0.5ms)
Completed 200 OK in 36ms (Views: 35.6ms | ActiveRecord: 0.0ms)


Started GET "/users/new" for 127.0.0.1 at 2018-11-11 18:31:00 -0600
Processing by UsersController#new as HTML
  Parameters: {"authenticity_token"=>"b2dLvx5GcCrLPiWETYZCnCe26YwMSH9KFQ5J7ksNdQeTByiZacFFwtvyQqJEY7uMGWccRFS71eRNtdgkWDrp6w=="}
  [1m[35mUser Load (0.2ms)[0m  SELECT  "users".* FROM "users" WHERE "users"."session_token" = ? LIMIT 1  [["session_token", "xZsjG7og+uBsjtVFQgT/Pw=="]]
  Rendered users/new.html.haml within layouts/application (18.7ms)
Completed 200 OK in 56ms (Views: 54.0ms | ActiveRecord: 0.2ms)


Started POST "/users" for 127.0.0.1 at 2018-11-11 18:31:06 -0600
Processing by UsersController#create as HTML
  Parameters: {"utf8"=>"✓", "authenticity_token"=>"NkDy8AIRCL/vPOSGRJMw/j0cFBDKVi3MRiL77irI9EDKIJHWdZY9V//wg6BNdsnuA83h2JKlh2IemWokOf9orA==", "user"=>{"user_name"=>"cat", "email"=>"cat@gmail.com", "password"=>"[FILTERED]"}, "verify_password"=>"[FILTERED]", "country"=>"Canada", "commit"=>"Create my account"}
  [1m[36mUser Load (0.2ms)[0m  [1mSELECT  "users".* FROM "users" WHERE "users"."session_token" = ? LIMIT 1[0m  [["session_token", "xZsjG7og+uBsjtVFQgT/Pw=="]]
  [1m[35mUser Exists (0.2ms)[0m  SELECT  1 AS one FROM "users" WHERE "users"."user_name" = ? LIMIT 1  [["user_name", "cat"]]
  [1m[36mUser Exists (0.2ms)[0m  [1mSELECT  1 AS one FROM "users" WHERE "users"."email" = ? LIMIT 1[0m  [["email", "cat@gmail.com"]]
  [1m[35m (0.0ms)[0m  begin transaction
  [1m[36mSQL (1.0ms)[0m  [1mINSERT INTO "users" ("user_name", "email", "password", "country", "session_token", "created_at", "updated_at") VALUES (?, ?, ?, ?, ?, ?, ?)[0m  [["user_name", "cat"], ["email", "cat@gmail.com"], ["password", "$2a$10$IDQI6qfGE/kL9IzgVoGVMOrr8.9Q4ahv43SHuubWlyXzDrwFkT0oy"], ["country", "Canada"], ["session_token", "jQJwI4bOZkLFptXbJaLwww=="], ["created_at", "2018-11-12 00:31:06.365869"], ["updated_at", "2018-11-12 00:31:06.365869"]]
  [1m[35m (13.4ms)[0m  commit transaction
Redirected to http://localhost:3000/login
Completed 302 Found in 85ms (ActiveRecord: 15.5ms)


Started GET "/login" for 127.0.0.1 at 2018-11-11 18:31:06 -0600
Processing by SessionsController#new as HTML
  Rendered sessions/new.html.haml within layouts/application (1.5ms)
Completed 200 OK in 24ms (Views: 24.0ms | ActiveRecord: 0.0ms)


Started POST "/login_create" for 127.0.0.1 at 2018-11-11 18:31:07 -0600
Processing by SessionsController#create as HTML
  Parameters: {"utf8"=>"✓", "authenticity_token"=>"jKMw2yzSXP+IGAlwdskwsxRshfZWsViIOSRd4IRQ54Bww1P9W1VpF5jUblZ/LMmjKr1wPg5C8iZhn8wql2d7bA==", "user"=>{"user_name"=>"cat", "password"=>"[FILTERED]"}, "commit"=>"Login to my account"}
  [1m[36mUser Exists (0.2ms)[0m  [1mSELECT  1 AS one FROM "users" WHERE "users"."user_name" = ? LIMIT 1[0m  [["user_name", "cat"]]
  [1m[35m (0.2ms)[0m  SELECT "users"."session_token", "users"."password" FROM "users" WHERE "users"."user_name" = ?  [["user_name", "cat"]]
Redirected to http://localhost:3000/users/show
Completed 302 Found in 54ms (ActiveRecord: 0.4ms)


Started GET "/users/show" for 127.0.0.1 at 2018-11-11 18:31:07 -0600
Processing by UsersController#show as HTML
  Parameters: {"id"=>"show"}
  [1m[36mUser Load (0.2ms)[0m  [1mSELECT  "users".* FROM "users" WHERE "users"."session_token" = ? LIMIT 1[0m  [["session_token", "jQJwI4bOZkLFptXbJaLwww=="]]
  Rendered users/show.html.haml within layouts/application (16.0ms)
Completed 200 OK in 28ms (Views: 26.0ms | ActiveRecord: 0.4ms)


Started GET "/searches" for 127.0.0.1 at 2018-11-11 18:31:09 -0600
Processing by SearchesController#index as HTML
  [1m[35mUser Load (0.2ms)[0m  SELECT  "users".* FROM "users" WHERE "users"."session_token" = ? LIMIT 1  [["session_token", "jQJwI4bOZkLFptXbJaLwww=="]]
  [1m[36mSearches Load (0.2ms)[0m  [1mSELECT "searches".* FROM "searches"[0m
  Rendered searches/index.html.haml within layouts/application (1.4ms)
Completed 200 OK in 25ms (Views: 23.5ms | ActiveRecord: 0.4ms)


Started POST "/searches_create" for 127.0.0.1 at 2018-11-11 18:31:13 -0600
Processing by SearchesController#create as HTML
  Parameters: {"utf8"=>"✓", "authenticity_token"=>"gkEOLlN2EfexVp6Z8/xnbT21afpl9T2vM7ssJcJ+eRB+IW0IJPEkH6Ga+b/6GZ59A2ScMj0GlwFrAL3v0Unl/A==", "searches"=>{"search_term"=>"cat"}, "time"=>"1", "commit"=>"Search"}
  [1m[35mUser Load (0.2ms)[0m  SELECT  "users".* FROM "users" WHERE "users"."session_token" = ? LIMIT 1  [["session_token", "jQJwI4bOZkLFptXbJaLwww=="]]
Completed 500 Internal Server Error in 632ms (ActiveRecord: 0.2ms)

NoMethodError (undefined method `create_at' for #<Twitter::Tweet id=1061772085683380224>
Did you mean?  created_at
               created?):
  app/models/searches.rb:44:in `block in gather_tweets'
  app/models/searches.rb:43:in `gather_tweets'
  app/controllers/searches_controller.rb:43:in `create'


  Rendered /root/.rbenv/versions/2.4.4/lib/ruby/gems/2.4.0/gems/actionpack-4.2.10/lib/action_dispatch/middleware/templates/rescues/_source.erb (2.1ms)
  Rendered /root/.rbenv/versions/2.4.4/lib/ruby/gems/2.4.0/gems/actionpack-4.2.10/lib/action_dispatch/middleware/templates/rescues/_trace.html.erb (1.0ms)
  Rendered /root/.rbenv/versions/2.4.4/lib/ruby/gems/2.4.0/gems/actionpack-4.2.10/lib/action_dispatch/middleware/templates/rescues/_request_and_response.html.erb (0.8ms)
  Rendered /root/.rbenv/versions/2.4.4/lib/ruby/gems/2.4.0/gems/actionpack-4.2.10/lib/action_dispatch/middleware/templates/rescues/diagnostics.html.erb within rescues/layout (41.4ms)
  Rendered /root/.rbenv/versions/2.4.4/lib/ruby/gems/2.4.0/gems/web-console-2.3.0/lib/web_console/templates/_markup.html.erb (0.4ms)
  Rendered /root/.rbenv/versions/2.4.4/lib/ruby/gems/2.4.0/gems/web-console-2.3.0/lib/web_console/templates/_inner_console_markup.html.erb within layouts/inlined_string (0.3ms)
  Rendered /root/.rbenv/versions/2.4.4/lib/ruby/gems/2.4.0/gems/web-console-2.3.0/lib/web_console/templates/_prompt_box_markup.html.erb within layouts/inlined_string (0.2ms)
  Rendered /root/.rbenv/versions/2.4.4/lib/ruby/gems/2.4.0/gems/web-console-2.3.0/lib/web_console/templates/style.css.erb within layouts/inlined_string (0.2ms)
  Rendered /root/.rbenv/versions/2.4.4/lib/ruby/gems/2.4.0/gems/web-console-2.3.0/lib/web_console/templates/console.js.erb within layouts/javascript (45.1ms)
  Rendered /root/.rbenv/versions/2.4.4/lib/ruby/gems/2.4.0/gems/web-console-2.3.0/lib/web_console/templates/main.js.erb within layouts/javascript (0.2ms)
  Rendered /root/.rbenv/versions/2.4.4/lib/ruby/gems/2.4.0/gems/web-console-2.3.0/lib/web_console/templates/error_page.js.erb within layouts/javascript (0.4ms)
  Rendered /root/.rbenv/versions/2.4.4/lib/ruby/gems/2.4.0/gems/web-console-2.3.0/lib/web_console/templates/index.html.erb (103.4ms)


Started POST "/searches_create" for 127.0.0.1 at 2018-11-11 18:31:35 -0600
Processing by SearchesController#create as HTML
  Parameters: {"utf8"=>"✓", "authenticity_token"=>"gkEOLlN2EfexVp6Z8/xnbT21afpl9T2vM7ssJcJ+eRB+IW0IJPEkH6Ga+b/6GZ59A2ScMj0GlwFrAL3v0Unl/A==", "searches"=>{"search_term"=>"cat"}, "time"=>"3", "commit"=>"Search"}
  [1m[36mUser Load (0.2ms)[0m  [1mSELECT  "users".* FROM "users" WHERE "users"."session_token" = ? LIMIT 1[0m  [["session_token", "jQJwI4bOZkLFptXbJaLwww=="]]
Completed 500 Internal Server Error in 591ms (ActiveRecord: 1.0ms)

NoMethodError (undefined method `[]' for 2018-11-12 00:06:06 UTC:Time):
  app/models/searches.rb:44:in `block in gather_tweets'
  app/models/searches.rb:43:in `gather_tweets'
  app/controllers/searches_controller.rb:43:in `create'


  Rendered /root/.rbenv/versions/2.4.4/lib/ruby/gems/2.4.0/gems/actionpack-4.2.10/lib/action_dispatch/middleware/templates/rescues/_source.erb (2.4ms)
  Rendered /root/.rbenv/versions/2.4.4/lib/ruby/gems/2.4.0/gems/actionpack-4.2.10/lib/action_dispatch/middleware/templates/rescues/_trace.html.erb (1.3ms)
  Rendered /root/.rbenv/versions/2.4.4/lib/ruby/gems/2.4.0/gems/actionpack-4.2.10/lib/action_dispatch/middleware/templates/rescues/_request_and_response.html.erb (0.7ms)
  Rendered /root/.rbenv/versions/2.4.4/lib/ruby/gems/2.4.0/gems/actionpack-4.2.10/lib/action_dispatch/middleware/templates/rescues/diagnostics.html.erb within rescues/layout (42.0ms)
  Rendered /root/.rbenv/versions/2.4.4/lib/ruby/gems/2.4.0/gems/web-console-2.3.0/lib/web_console/templates/_markup.html.erb (0.3ms)
  Rendered /root/.rbenv/versions/2.4.4/lib/ruby/gems/2.4.0/gems/web-console-2.3.0/lib/web_console/templates/_inner_console_markup.html.erb within layouts/inlined_string (0.2ms)
  Rendered /root/.rbenv/versions/2.4.4/lib/ruby/gems/2.4.0/gems/web-console-2.3.0/lib/web_console/templates/_prompt_box_markup.html.erb within layouts/inlined_string (0.3ms)
  Rendered /root/.rbenv/versions/2.4.4/lib/ruby/gems/2.4.0/gems/web-console-2.3.0/lib/web_console/templates/style.css.erb within layouts/inlined_string (0.5ms)
  Rendered /root/.rbenv/versions/2.4.4/lib/ruby/gems/2.4.0/gems/web-console-2.3.0/lib/web_console/templates/console.js.erb within layouts/javascript (43.1ms)
  Rendered /root/.rbenv/versions/2.4.4/lib/ruby/gems/2.4.0/gems/web-console-2.3.0/lib/web_console/templates/main.js.erb within layouts/javascript (0.3ms)
  Rendered /root/.rbenv/versions/2.4.4/lib/ruby/gems/2.4.0/gems/web-console-2.3.0/lib/web_console/templates/error_page.js.erb within layouts/javascript (0.3ms)
  Rendered /root/.rbenv/versions/2.4.4/lib/ruby/gems/2.4.0/gems/web-console-2.3.0/lib/web_console/templates/index.html.erb (96.2ms)


Started POST "/searches_create" for 127.0.0.1 at 2018-11-11 18:31:52 -0600
Processing by SearchesController#create as HTML
  Parameters: {"utf8"=>"✓", "authenticity_token"=>"gkEOLlN2EfexVp6Z8/xnbT21afpl9T2vM7ssJcJ+eRB+IW0IJPEkH6Ga+b/6GZ59A2ScMj0GlwFrAL3v0Unl/A==", "searches"=>{"search_term"=>"cat"}, "time"=>"3", "commit"=>"Search"}
  [1m[35mUser Load (0.3ms)[0m  SELECT  "users".* FROM "users" WHERE "users"."session_token" = ? LIMIT 1  [["session_token", "jQJwI4bOZkLFptXbJaLwww=="]]
Completed 500 Internal Server Error in 581ms (ActiveRecord: 1.0ms)

NoMethodError (undefined method `+' for nil:NilClass):
  app/models/searches.rb:45:in `block in gather_tweets'
  app/models/searches.rb:43:in `gather_tweets'
  app/controllers/searches_controller.rb:43:in `create'


  Rendered /root/.rbenv/versions/2.4.4/lib/ruby/gems/2.4.0/gems/actionpack-4.2.10/lib/action_dispatch/middleware/templates/rescues/_source.erb (2.5ms)
  Rendered /root/.rbenv/versions/2.4.4/lib/ruby/gems/2.4.0/gems/actionpack-4.2.10/lib/action_dispatch/middleware/templates/rescues/_trace.html.erb (1.3ms)
  Rendered /root/.rbenv/versions/2.4.4/lib/ruby/gems/2.4.0/gems/actionpack-4.2.10/lib/action_dispatch/middleware/templates/rescues/_request_and_response.html.erb (1.2ms)
  Rendered /root/.rbenv/versions/2.4.4/lib/ruby/gems/2.4.0/gems/actionpack-4.2.10/lib/action_dispatch/middleware/templates/rescues/diagnostics.html.erb within rescues/layout (43.4ms)
  Rendered /root/.rbenv/versions/2.4.4/lib/ruby/gems/2.4.0/gems/web-console-2.3.0/lib/web_console/templates/_markup.html.erb (0.3ms)
  Rendered /root/.rbenv/versions/2.4.4/lib/ruby/gems/2.4.0/gems/web-console-2.3.0/lib/web_console/templates/_inner_console_markup.html.erb within layouts/inlined_string (0.3ms)
  Rendered /root/.rbenv/versions/2.4.4/lib/ruby/gems/2.4.0/gems/web-console-2.3.0/lib/web_console/templates/_prompt_box_markup.html.erb within layouts/inlined_string (0.3ms)
  Rendered /root/.rbenv/versions/2.4.4/lib/ruby/gems/2.4.0/gems/web-console-2.3.0/lib/web_console/templates/style.css.erb within layouts/inlined_string (0.5ms)
  Rendered /root/.rbenv/versions/2.4.4/lib/ruby/gems/2.4.0/gems/web-console-2.3.0/lib/web_console/templates/console.js.erb within layouts/javascript (43.5ms)
  Rendered /root/.rbenv/versions/2.4.4/lib/ruby/gems/2.4.0/gems/web-console-2.3.0/lib/web_console/templates/main.js.erb within layouts/javascript (0.4ms)
  Rendered /root/.rbenv/versions/2.4.4/lib/ruby/gems/2.4.0/gems/web-console-2.3.0/lib/web_console/templates/error_page.js.erb within layouts/javascript (0.3ms)
  Rendered /root/.rbenv/versions/2.4.4/lib/ruby/gems/2.4.0/gems/web-console-2.3.0/lib/web_console/templates/index.html.erb (96.0ms)


Started POST "/searches_create" for 127.0.0.1 at 2018-11-11 18:32:23 -0600
Processing by SearchesController#create as HTML
  Parameters: {"utf8"=>"✓", "authenticity_token"=>"gkEOLlN2EfexVp6Z8/xnbT21afpl9T2vM7ssJcJ+eRB+IW0IJPEkH6Ga+b/6GZ59A2ScMj0GlwFrAL3v0Unl/A==", "searches"=>{"search_term"=>"cat"}, "time"=>"3", "commit"=>"Search"}
  [1m[36mUser Load (0.2ms)[0m  [1mSELECT  "users".* FROM "users" WHERE "users"."session_token" = ? LIMIT 1[0m  [["session_token", "jQJwI4bOZkLFptXbJaLwww=="]]
Completed 500 Internal Server Error in 703ms (ActiveRecord: 0.8ms)

NoMethodError (undefined method `+' for nil:NilClass):
  app/models/searches.rb:46:in `block in gather_tweets'
  app/models/searches.rb:43:in `gather_tweets'
  app/controllers/searches_controller.rb:43:in `create'


  Rendered /root/.rbenv/versions/2.4.4/lib/ruby/gems/2.4.0/gems/actionpack-4.2.10/lib/action_dispatch/middleware/templates/rescues/_source.erb (2.5ms)
  Rendered /root/.rbenv/versions/2.4.4/lib/ruby/gems/2.4.0/gems/actionpack-4.2.10/lib/action_dispatch/middleware/templates/rescues/_trace.html.erb (1.2ms)
  Rendered /root/.rbenv/versions/2.4.4/lib/ruby/gems/2.4.0/gems/actionpack-4.2.10/lib/action_dispatch/middleware/templates/rescues/_request_and_response.html.erb (0.6ms)
  Rendered /root/.rbenv/versions/2.4.4/lib/ruby/gems/2.4.0/gems/actionpack-4.2.10/lib/action_dispatch/middleware/templates/rescues/diagnostics.html.erb within rescues/layout (41.5ms)
  Rendered /root/.rbenv/versions/2.4.4/lib/ruby/gems/2.4.0/gems/web-console-2.3.0/lib/web_console/templates/_markup.html.erb (0.3ms)
  Rendered /root/.rbenv/versions/2.4.4/lib/ruby/gems/2.4.0/gems/web-console-2.3.0/lib/web_console/templates/_inner_console_markup.html.erb within layouts/inlined_string (0.2ms)
  Rendered /root/.rbenv/versions/2.4.4/lib/ruby/gems/2.4.0/gems/web-console-2.3.0/lib/web_console/templates/_prompt_box_markup.html.erb within layouts/inlined_string (0.2ms)
  Rendered /root/.rbenv/versions/2.4.4/lib/ruby/gems/2.4.0/gems/web-console-2.3.0/lib/web_console/templates/style.css.erb within layouts/inlined_string (0.5ms)
  Rendered /root/.rbenv/versions/2.4.4/lib/ruby/gems/2.4.0/gems/web-console-2.3.0/lib/web_console/templates/console.js.erb within layouts/javascript (40.7ms)
  Rendered /root/.rbenv/versions/2.4.4/lib/ruby/gems/2.4.0/gems/web-console-2.3.0/lib/web_console/templates/main.js.erb within layouts/javascript (0.5ms)
  Rendered /root/.rbenv/versions/2.4.4/lib/ruby/gems/2.4.0/gems/web-console-2.3.0/lib/web_console/templates/error_page.js.erb within layouts/javascript (0.4ms)
  Rendered /root/.rbenv/versions/2.4.4/lib/ruby/gems/2.4.0/gems/web-console-2.3.0/lib/web_console/templates/index.html.erb (94.6ms)


Started POST "/searches_create" for 127.0.0.1 at 2018-11-11 18:32:40 -0600
Processing by SearchesController#create as HTML
  Parameters: {"utf8"=>"✓", "authenticity_token"=>"gkEOLlN2EfexVp6Z8/xnbT21afpl9T2vM7ssJcJ+eRB+IW0IJPEkH6Ga+b/6GZ59A2ScMj0GlwFrAL3v0Unl/A==", "searches"=>{"search_term"=>"cat"}, "time"=>"3", "commit"=>"Search"}
  [1m[35mUser Load (0.2ms)[0m  SELECT  "users".* FROM "users" WHERE "users"."session_token" = ? LIMIT 1  [["session_token", "jQJwI4bOZkLFptXbJaLwww=="]]
Completed 500 Internal Server Error in 536ms (ActiveRecord: 0.8ms)

NoMethodError (undefined method `+' for nil:NilClass):
  app/models/searches.rb:47:in `block in gather_tweets'
  app/models/searches.rb:43:in `gather_tweets'
  app/controllers/searches_controller.rb:43:in `create'


  Rendered /root/.rbenv/versions/2.4.4/lib/ruby/gems/2.4.0/gems/actionpack-4.2.10/lib/action_dispatch/middleware/templates/rescues/_source.erb (3.0ms)
  Rendered /root/.rbenv/versions/2.4.4/lib/ruby/gems/2.4.0/gems/actionpack-4.2.10/lib/action_dispatch/middleware/templates/rescues/_trace.html.erb (1.4ms)
  Rendered /root/.rbenv/versions/2.4.4/lib/ruby/gems/2.4.0/gems/actionpack-4.2.10/lib/action_dispatch/middleware/templates/rescues/_request_and_response.html.erb (0.6ms)
  Rendered /root/.rbenv/versions/2.4.4/lib/ruby/gems/2.4.0/gems/actionpack-4.2.10/lib/action_dispatch/middleware/templates/rescues/diagnostics.html.erb within rescues/layout (43.7ms)
  Rendered /root/.rbenv/versions/2.4.4/lib/ruby/gems/2.4.0/gems/web-console-2.3.0/lib/web_console/templates/_markup.html.erb (0.3ms)
  Rendered /root/.rbenv/versions/2.4.4/lib/ruby/gems/2.4.0/gems/web-console-2.3.0/lib/web_console/templates/_inner_console_markup.html.erb within layouts/inlined_string (0.2ms)
  Rendered /root/.rbenv/versions/2.4.4/lib/ruby/gems/2.4.0/gems/web-console-2.3.0/lib/web_console/templates/_prompt_box_markup.html.erb within layouts/inlined_string (0.2ms)
  Rendered /root/.rbenv/versions/2.4.4/lib/ruby/gems/2.4.0/gems/web-console-2.3.0/lib/web_console/templates/style.css.erb within layouts/inlined_string (0.3ms)
  Rendered /root/.rbenv/versions/2.4.4/lib/ruby/gems/2.4.0/gems/web-console-2.3.0/lib/web_console/templates/console.js.erb within layouts/javascript (41.1ms)
  Rendered /root/.rbenv/versions/2.4.4/lib/ruby/gems/2.4.0/gems/web-console-2.3.0/lib/web_console/templates/main.js.erb within layouts/javascript (0.3ms)
  Rendered /root/.rbenv/versions/2.4.4/lib/ruby/gems/2.4.0/gems/web-console-2.3.0/lib/web_console/templates/error_page.js.erb within layouts/javascript (0.4ms)
  Rendered /root/.rbenv/versions/2.4.4/lib/ruby/gems/2.4.0/gems/web-console-2.3.0/lib/web_console/templates/index.html.erb (96.5ms)


Started POST "/searches_create" for 127.0.0.1 at 2018-11-11 18:33:23 -0600
Processing by SearchesController#create as HTML
  Parameters: {"utf8"=>"✓", "authenticity_token"=>"gkEOLlN2EfexVp6Z8/xnbT21afpl9T2vM7ssJcJ+eRB+IW0IJPEkH6Ga+b/6GZ59A2ScMj0GlwFrAL3v0Unl/A==", "searches"=>{"search_term"=>"cat"}, "time"=>"3", "commit"=>"Search"}
  [1m[36mUser Load (0.2ms)[0m  [1mSELECT  "users".* FROM "users" WHERE "users"."session_token" = ? LIMIT 1[0m  [["session_token", "jQJwI4bOZkLFptXbJaLwww=="]]
Completed 500 Internal Server Error in 574ms (ActiveRecord: 1.0ms)

NoMethodError (undefined method `+' for nil:NilClass):
  app/models/searches.rb:44:in `block in gather_tweets'
  app/models/searches.rb:40:in `gather_tweets'
  app/controllers/searches_controller.rb:43:in `create'


  Rendered /root/.rbenv/versions/2.4.4/lib/ruby/gems/2.4.0/gems/actionpack-4.2.10/lib/action_dispatch/middleware/templates/rescues/_source.erb (2.7ms)
  Rendered /root/.rbenv/versions/2.4.4/lib/ruby/gems/2.4.0/gems/actionpack-4.2.10/lib/action_dispatch/middleware/templates/rescues/_trace.html.erb (1.4ms)
  Rendered /root/.rbenv/versions/2.4.4/lib/ruby/gems/2.4.0/gems/actionpack-4.2.10/lib/action_dispatch/middleware/templates/rescues/_request_and_response.html.erb (0.8ms)
  Rendered /root/.rbenv/versions/2.4.4/lib/ruby/gems/2.4.0/gems/actionpack-4.2.10/lib/action_dispatch/middleware/templates/rescues/diagnostics.html.erb within rescues/layout (42.3ms)
  Rendered /root/.rbenv/versions/2.4.4/lib/ruby/gems/2.4.0/gems/web-console-2.3.0/lib/web_console/templates/_markup.html.erb (0.3ms)
  Rendered /root/.rbenv/versions/2.4.4/lib/ruby/gems/2.4.0/gems/web-console-2.3.0/lib/web_console/templates/_inner_console_markup.html.erb within layouts/inlined_string (0.3ms)
  Rendered /root/.rbenv/versions/2.4.4/lib/ruby/gems/2.4.0/gems/web-console-2.3.0/lib/web_console/templates/_prompt_box_markup.html.erb within layouts/inlined_string (0.4ms)
  Rendered /root/.rbenv/versions/2.4.4/lib/ruby/gems/2.4.0/gems/web-console-2.3.0/lib/web_console/templates/style.css.erb within layouts/inlined_string (0.3ms)
  Rendered /root/.rbenv/versions/2.4.4/lib/ruby/gems/2.4.0/gems/web-console-2.3.0/lib/web_console/templates/console.js.erb within layouts/javascript (43.6ms)
  Rendered /root/.rbenv/versions/2.4.4/lib/ruby/gems/2.4.0/gems/web-console-2.3.0/lib/web_console/templates/main.js.erb within layouts/javascript (0.5ms)
  Rendered /root/.rbenv/versions/2.4.4/lib/ruby/gems/2.4.0/gems/web-console-2.3.0/lib/web_console/templates/error_page.js.erb within layouts/javascript (0.3ms)
  Rendered /root/.rbenv/versions/2.4.4/lib/ruby/gems/2.4.0/gems/web-console-2.3.0/lib/web_console/templates/index.html.erb (96.6ms)


Started POST "/searches_create" for 127.0.0.1 at 2018-11-11 18:33:50 -0600
Processing by SearchesController#create as HTML
  Parameters: {"utf8"=>"✓", "authenticity_token"=>"gkEOLlN2EfexVp6Z8/xnbT21afpl9T2vM7ssJcJ+eRB+IW0IJPEkH6Ga+b/6GZ59A2ScMj0GlwFrAL3v0Unl/A==", "searches"=>{"search_term"=>"cat"}, "time"=>"3", "commit"=>"Search"}
  [1m[35mUser Load (0.3ms)[0m  SELECT  "users".* FROM "users" WHERE "users"."session_token" = ? LIMIT 1  [["session_token", "jQJwI4bOZkLFptXbJaLwww=="]]
Completed 500 Internal Server Error in 605ms (ActiveRecord: 1.3ms)

NoMethodError (undefined method `+' for nil:NilClass):
  app/models/searches.rb:44:in `block in gather_tweets'
  app/models/searches.rb:40:in `gather_tweets'
  app/controllers/searches_controller.rb:43:in `create'


  Rendered /root/.rbenv/versions/2.4.4/lib/ruby/gems/2.4.0/gems/actionpack-4.2.10/lib/action_dispatch/middleware/templates/rescues/_source.erb (2.8ms)
  Rendered /root/.rbenv/versions/2.4.4/lib/ruby/gems/2.4.0/gems/actionpack-4.2.10/lib/action_dispatch/middleware/templates/rescues/_trace.html.erb (1.3ms)
  Rendered /root/.rbenv/versions/2.4.4/lib/ruby/gems/2.4.0/gems/actionpack-4.2.10/lib/action_dispatch/middleware/templates/rescues/_request_and_response.html.erb (1.1ms)
  Rendered /root/.rbenv/versions/2.4.4/lib/ruby/gems/2.4.0/gems/actionpack-4.2.10/lib/action_dispatch/middleware/templates/rescues/diagnostics.html.erb within rescues/layout (44.0ms)
  Rendered /root/.rbenv/versions/2.4.4/lib/ruby/gems/2.4.0/gems/web-console-2.3.0/lib/web_console/templates/_markup.html.erb (0.3ms)
  Rendered /root/.rbenv/versions/2.4.4/lib/ruby/gems/2.4.0/gems/web-console-2.3.0/lib/web_console/templates/_inner_console_markup.html.erb within layouts/inlined_string (0.3ms)
  Rendered /root/.rbenv/versions/2.4.4/lib/ruby/gems/2.4.0/gems/web-console-2.3.0/lib/web_console/templates/_prompt_box_markup.html.erb within layouts/inlined_string (0.2ms)
  Rendered /root/.rbenv/versions/2.4.4/lib/ruby/gems/2.4.0/gems/web-console-2.3.0/lib/web_console/templates/style.css.erb within layouts/inlined_string (0.2ms)
  Rendered /root/.rbenv/versions/2.4.4/lib/ruby/gems/2.4.0/gems/web-console-2.3.0/lib/web_console/templates/console.js.erb within layouts/javascript (47.4ms)
  Rendered /root/.rbenv/versions/2.4.4/lib/ruby/gems/2.4.0/gems/web-console-2.3.0/lib/web_console/templates/main.js.erb within layouts/javascript (0.2ms)
  Rendered /root/.rbenv/versions/2.4.4/lib/ruby/gems/2.4.0/gems/web-console-2.3.0/lib/web_console/templates/error_page.js.erb within layouts/javascript (0.5ms)
  Rendered /root/.rbenv/versions/2.4.4/lib/ruby/gems/2.4.0/gems/web-console-2.3.0/lib/web_console/templates/index.html.erb (97.7ms)


Started POST "/searches_create" for 127.0.0.1 at 2018-11-11 18:35:02 -0600
Processing by SearchesController#create as HTML
  Parameters: {"utf8"=>"✓", "authenticity_token"=>"gkEOLlN2EfexVp6Z8/xnbT21afpl9T2vM7ssJcJ+eRB+IW0IJPEkH6Ga+b/6GZ59A2ScMj0GlwFrAL3v0Unl/A==", "searches"=>{"search_term"=>"cat"}, "time"=>"3", "commit"=>"Search"}
  [1m[36mUser Load (0.2ms)[0m  [1mSELECT  "users".* FROM "users" WHERE "users"."session_token" = ? LIMIT 1[0m  [["session_token", "jQJwI4bOZkLFptXbJaLwww=="]]
Completed 500 Internal Server Error in 599ms (ActiveRecord: 0.9ms)

NoMethodError (undefined method `+' for nil:NilClass):
  app/models/searches.rb:46:in `block in gather_tweets'
  app/models/searches.rb:42:in `gather_tweets'
  app/controllers/searches_controller.rb:43:in `create'


  Rendered /root/.rbenv/versions/2.4.4/lib/ruby/gems/2.4.0/gems/actionpack-4.2.10/lib/action_dispatch/middleware/templates/rescues/_source.erb (4.0ms)
  Rendered /root/.rbenv/versions/2.4.4/lib/ruby/gems/2.4.0/gems/actionpack-4.2.10/lib/action_dispatch/middleware/templates/rescues/_trace.html.erb (2.1ms)
  Rendered /root/.rbenv/versions/2.4.4/lib/ruby/gems/2.4.0/gems/actionpack-4.2.10/lib/action_dispatch/middleware/templates/rescues/_request_and_response.html.erb (0.7ms)
  Rendered /root/.rbenv/versions/2.4.4/lib/ruby/gems/2.4.0/gems/actionpack-4.2.10/lib/action_dispatch/middleware/templates/rescues/diagnostics.html.erb within rescues/layout (46.2ms)
  Rendered /root/.rbenv/versions/2.4.4/lib/ruby/gems/2.4.0/gems/web-console-2.3.0/lib/web_console/templates/_markup.html.erb (0.3ms)
  Rendered /root/.rbenv/versions/2.4.4/lib/ruby/gems/2.4.0/gems/web-console-2.3.0/lib/web_console/templates/_inner_console_markup.html.erb within layouts/inlined_string (0.2ms)
  Rendered /root/.rbenv/versions/2.4.4/lib/ruby/gems/2.4.0/gems/web-console-2.3.0/lib/web_console/templates/_prompt_box_markup.html.erb within layouts/inlined_string (0.2ms)
  Rendered /root/.rbenv/versions/2.4.4/lib/ruby/gems/2.4.0/gems/web-console-2.3.0/lib/web_console/templates/style.css.erb within layouts/inlined_string (0.3ms)
  Rendered /root/.rbenv/versions/2.4.4/lib/ruby/gems/2.4.0/gems/web-console-2.3.0/lib/web_console/templates/console.js.erb within layouts/javascript (40.3ms)
  Rendered /root/.rbenv/versions/2.4.4/lib/ruby/gems/2.4.0/gems/web-console-2.3.0/lib/web_console/templates/main.js.erb within layouts/javascript (0.2ms)
  Rendered /root/.rbenv/versions/2.4.4/lib/ruby/gems/2.4.0/gems/web-console-2.3.0/lib/web_console/templates/error_page.js.erb within layouts/javascript (0.3ms)
  Rendered /root/.rbenv/versions/2.4.4/lib/ruby/gems/2.4.0/gems/web-console-2.3.0/lib/web_console/templates/index.html.erb (93.8ms)


Started POST "/searches_create" for 127.0.0.1 at 2018-11-11 18:35:53 -0600
Processing by SearchesController#create as HTML
  Parameters: {"utf8"=>"✓", "authenticity_token"=>"gkEOLlN2EfexVp6Z8/xnbT21afpl9T2vM7ssJcJ+eRB+IW0IJPEkH6Ga+b/6GZ59A2ScMj0GlwFrAL3v0Unl/A==", "searches"=>{"search_term"=>"cat"}, "time"=>"3", "commit"=>"Search"}
  [1m[35mUser Load (0.2ms)[0m  SELECT  "users".* FROM "users" WHERE "users"."session_token" = ? LIMIT 1  [["session_token", "jQJwI4bOZkLFptXbJaLwww=="]]
Completed 500 Internal Server Error in 22ms (ActiveRecord: 0.9ms)

TypeError (no implicit conversion of Integer into String):
  app/models/searches.rb:36:in `+'
  app/models/searches.rb:36:in `block in gather_tweets'
  app/models/searches.rb:35:in `gather_tweets'
  app/controllers/searches_controller.rb:43:in `create'


  Rendered /root/.rbenv/versions/2.4.4/lib/ruby/gems/2.4.0/gems/actionpack-4.2.10/lib/action_dispatch/middleware/templates/rescues/_source.erb (2.6ms)
  Rendered /root/.rbenv/versions/2.4.4/lib/ruby/gems/2.4.0/gems/actionpack-4.2.10/lib/action_dispatch/middleware/templates/rescues/_trace.html.erb (1.2ms)
  Rendered /root/.rbenv/versions/2.4.4/lib/ruby/gems/2.4.0/gems/actionpack-4.2.10/lib/action_dispatch/middleware/templates/rescues/_request_and_response.html.erb (0.6ms)
  Rendered /root/.rbenv/versions/2.4.4/lib/ruby/gems/2.4.0/gems/actionpack-4.2.10/lib/action_dispatch/middleware/templates/rescues/diagnostics.html.erb within rescues/layout (44.5ms)
  Rendered /root/.rbenv/versions/2.4.4/lib/ruby/gems/2.4.0/gems/web-console-2.3.0/lib/web_console/templates/_markup.html.erb (0.4ms)
  Rendered /root/.rbenv/versions/2.4.4/lib/ruby/gems/2.4.0/gems/web-console-2.3.0/lib/web_console/templates/_inner_console_markup.html.erb within layouts/inlined_string (0.2ms)
  Rendered /root/.rbenv/versions/2.4.4/lib/ruby/gems/2.4.0/gems/web-console-2.3.0/lib/web_console/templates/_prompt_box_markup.html.erb within layouts/inlined_string (0.2ms)
  Rendered /root/.rbenv/versions/2.4.4/lib/ruby/gems/2.4.0/gems/web-console-2.3.0/lib/web_console/templates/style.css.erb within layouts/inlined_string (0.3ms)
  Rendered /root/.rbenv/versions/2.4.4/lib/ruby/gems/2.4.0/gems/web-console-2.3.0/lib/web_console/templates/console.js.erb within layouts/javascript (41.4ms)
  Rendered /root/.rbenv/versions/2.4.4/lib/ruby/gems/2.4.0/gems/web-console-2.3.0/lib/web_console/templates/main.js.erb within layouts/javascript (0.2ms)
  Rendered /root/.rbenv/versions/2.4.4/lib/ruby/gems/2.4.0/gems/web-console-2.3.0/lib/web_console/templates/error_page.js.erb within layouts/javascript (0.3ms)
  Rendered /root/.rbenv/versions/2.4.4/lib/ruby/gems/2.4.0/gems/web-console-2.3.0/lib/web_console/templates/index.html.erb (97.4ms)


Started POST "/searches_create" for 127.0.0.1 at 2018-11-11 18:36:15 -0600
Processing by SearchesController#create as HTML
  Parameters: {"utf8"=>"✓", "authenticity_token"=>"gkEOLlN2EfexVp6Z8/xnbT21afpl9T2vM7ssJcJ+eRB+IW0IJPEkH6Ga+b/6GZ59A2ScMj0GlwFrAL3v0Unl/A==", "searches"=>{"search_term"=>"cat"}, "time"=>"3", "commit"=>"Search"}
  [1m[36mUser Load (0.2ms)[0m  [1mSELECT  "users".* FROM "users" WHERE "users"."session_token" = ? LIMIT 1[0m  [["session_token", "jQJwI4bOZkLFptXbJaLwww=="]]
Completed 500 Internal Server Error in 662ms (ActiveRecord: 0.9ms)

NoMethodError (undefined method `+' for nil:NilClass):
  app/models/searches.rb:46:in `block in gather_tweets'
  app/models/searches.rb:42:in `gather_tweets'
  app/controllers/searches_controller.rb:43:in `create'


  Rendered /root/.rbenv/versions/2.4.4/lib/ruby/gems/2.4.0/gems/actionpack-4.2.10/lib/action_dispatch/middleware/templates/rescues/_source.erb (2.7ms)
  Rendered /root/.rbenv/versions/2.4.4/lib/ruby/gems/2.4.0/gems/actionpack-4.2.10/lib/action_dispatch/middleware/templates/rescues/_trace.html.erb (1.4ms)
  Rendered /root/.rbenv/versions/2.4.4/lib/ruby/gems/2.4.0/gems/actionpack-4.2.10/lib/action_dispatch/middleware/templates/rescues/_request_and_response.html.erb (0.6ms)
  Rendered /root/.rbenv/versions/2.4.4/lib/ruby/gems/2.4.0/gems/actionpack-4.2.10/lib/action_dispatch/middleware/templates/rescues/diagnostics.html.erb within rescues/layout (43.6ms)
  Rendered /root/.rbenv/versions/2.4.4/lib/ruby/gems/2.4.0/gems/web-console-2.3.0/lib/web_console/templates/_markup.html.erb (0.5ms)
  Rendered /root/.rbenv/versions/2.4.4/lib/ruby/gems/2.4.0/gems/web-console-2.3.0/lib/web_console/templates/_inner_console_markup.html.erb within layouts/inlined_string (0.3ms)
  Rendered /root/.rbenv/versions/2.4.4/lib/ruby/gems/2.4.0/gems/web-console-2.3.0/lib/web_console/templates/_prompt_box_markup.html.erb within layouts/inlined_string (0.2ms)
  Rendered /root/.rbenv/versions/2.4.4/lib/ruby/gems/2.4.0/gems/web-console-2.3.0/lib/web_console/templates/style.css.erb within layouts/inlined_string (0.6ms)
  Rendered /root/.rbenv/versions/2.4.4/lib/ruby/gems/2.4.0/gems/web-console-2.3.0/lib/web_console/templates/console.js.erb within layouts/javascript (41.6ms)
  Rendered /root/.rbenv/versions/2.4.4/lib/ruby/gems/2.4.0/gems/web-console-2.3.0/lib/web_console/templates/main.js.erb within layouts/javascript (0.2ms)
  Rendered /root/.rbenv/versions/2.4.4/lib/ruby/gems/2.4.0/gems/web-console-2.3.0/lib/web_console/templates/error_page.js.erb within layouts/javascript (0.5ms)
  Rendered /root/.rbenv/versions/2.4.4/lib/ruby/gems/2.4.0/gems/web-console-2.3.0/lib/web_console/templates/index.html.erb (92.7ms)


Started POST "/searches_create" for 127.0.0.1 at 2018-11-11 18:37:15 -0600
Processing by SearchesController#create as HTML
  Parameters: {"utf8"=>"✓", "authenticity_token"=>"gkEOLlN2EfexVp6Z8/xnbT21afpl9T2vM7ssJcJ+eRB+IW0IJPEkH6Ga+b/6GZ59A2ScMj0GlwFrAL3v0Unl/A==", "searches"=>{"search_term"=>"cat"}, "time"=>"3", "commit"=>"Search"}
  [1m[35mUser Load (0.2ms)[0m  SELECT  "users".* FROM "users" WHERE "users"."session_token" = ? LIMIT 1  [["session_token", "jQJwI4bOZkLFptXbJaLwww=="]]
Completed 500 Internal Server Error in 591ms (ActiveRecord: 1.2ms)

NoMethodError (undefined method `+' for nil:NilClass):
  app/models/searches.rb:46:in `block in gather_tweets'
  app/models/searches.rb:42:in `gather_tweets'
  app/controllers/searches_controller.rb:43:in `create'


  Rendered /root/.rbenv/versions/2.4.4/lib/ruby/gems/2.4.0/gems/actionpack-4.2.10/lib/action_dispatch/middleware/templates/rescues/_source.erb (2.6ms)
  Rendered /root/.rbenv/versions/2.4.4/lib/ruby/gems/2.4.0/gems/actionpack-4.2.10/lib/action_dispatch/middleware/templates/rescues/_trace.html.erb (1.5ms)
  Rendered /root/.rbenv/versions/2.4.4/lib/ruby/gems/2.4.0/gems/actionpack-4.2.10/lib/action_dispatch/middleware/templates/rescues/_request_and_response.html.erb (0.6ms)
  Rendered /root/.rbenv/versions/2.4.4/lib/ruby/gems/2.4.0/gems/actionpack-4.2.10/lib/action_dispatch/middleware/templates/rescues/diagnostics.html.erb within rescues/layout (43.1ms)
  Rendered /root/.rbenv/versions/2.4.4/lib/ruby/gems/2.4.0/gems/web-console-2.3.0/lib/web_console/templates/_markup.html.erb (0.3ms)
  Rendered /root/.rbenv/versions/2.4.4/lib/ruby/gems/2.4.0/gems/web-console-2.3.0/lib/web_console/templates/_inner_console_markup.html.erb within layouts/inlined_string (0.3ms)
  Rendered /root/.rbenv/versions/2.4.4/lib/ruby/gems/2.4.0/gems/web-console-2.3.0/lib/web_console/templates/_prompt_box_markup.html.erb within layouts/inlined_string (0.2ms)
  Rendered /root/.rbenv/versions/2.4.4/lib/ruby/gems/2.4.0/gems/web-console-2.3.0/lib/web_console/templates/style.css.erb within layouts/inlined_string (0.2ms)
  Rendered /root/.rbenv/versions/2.4.4/lib/ruby/gems/2.4.0/gems/web-console-2.3.0/lib/web_console/templates/console.js.erb within layouts/javascript (44.7ms)
  Rendered /root/.rbenv/versions/2.4.4/lib/ruby/gems/2.4.0/gems/web-console-2.3.0/lib/web_console/templates/main.js.erb within layouts/javascript (0.3ms)
  Rendered /root/.rbenv/versions/2.4.4/lib/ruby/gems/2.4.0/gems/web-console-2.3.0/lib/web_console/templates/error_page.js.erb within layouts/javascript (0.3ms)
  Rendered /root/.rbenv/versions/2.4.4/lib/ruby/gems/2.4.0/gems/web-console-2.3.0/lib/web_console/templates/index.html.erb (96.8ms)


Started POST "/searches_create" for 127.0.0.1 at 2018-11-11 18:38:52 -0600
Processing by SearchesController#create as HTML
  Parameters: {"utf8"=>"✓", "authenticity_token"=>"gkEOLlN2EfexVp6Z8/xnbT21afpl9T2vM7ssJcJ+eRB+IW0IJPEkH6Ga+b/6GZ59A2ScMj0GlwFrAL3v0Unl/A==", "searches"=>{"search_term"=>"cat"}, "time"=>"3", "commit"=>"Search"}
  [1m[36mUser Load (0.2ms)[0m  [1mSELECT  "users".* FROM "users" WHERE "users"."session_token" = ? LIMIT 1[0m  [["session_token", "jQJwI4bOZkLFptXbJaLwww=="]]
Completed 500 Internal Server Error in 2803ms (ActiveRecord: 1.0ms)

NameError (undefined local variable or method `date_hash' for #<Class:0x00007f9cd4cc7ab8>):
  app/models/searches.rb:54:in `gather_tweets'
  app/controllers/searches_controller.rb:43:in `create'


  Rendered /root/.rbenv/versions/2.4.4/lib/ruby/gems/2.4.0/gems/actionpack-4.2.10/lib/action_dispatch/middleware/templates/rescues/_source.erb (2.2ms)
  Rendered /root/.rbenv/versions/2.4.4/lib/ruby/gems/2.4.0/gems/actionpack-4.2.10/lib/action_dispatch/middleware/templates/rescues/_trace.html.erb (1.9ms)
  Rendered /root/.rbenv/versions/2.4.4/lib/ruby/gems/2.4.0/gems/actionpack-4.2.10/lib/action_dispatch/middleware/templates/rescues/_request_and_response.html.erb (0.6ms)
  Rendered /root/.rbenv/versions/2.4.4/lib/ruby/gems/2.4.0/gems/actionpack-4.2.10/lib/action_dispatch/middleware/templates/rescues/diagnostics.html.erb within rescues/layout (45.6ms)
  Rendered /root/.rbenv/versions/2.4.4/lib/ruby/gems/2.4.0/gems/web-console-2.3.0/lib/web_console/templates/_markup.html.erb (0.3ms)
  Rendered /root/.rbenv/versions/2.4.4/lib/ruby/gems/2.4.0/gems/web-console-2.3.0/lib/web_console/templates/_inner_console_markup.html.erb within layouts/inlined_string (0.4ms)
  Rendered /root/.rbenv/versions/2.4.4/lib/ruby/gems/2.4.0/gems/web-console-2.3.0/lib/web_console/templates/_prompt_box_markup.html.erb within layouts/inlined_string (0.3ms)
  Rendered /root/.rbenv/versions/2.4.4/lib/ruby/gems/2.4.0/gems/web-console-2.3.0/lib/web_console/templates/style.css.erb within layouts/inlined_string (0.4ms)
  Rendered /root/.rbenv/versions/2.4.4/lib/ruby/gems/2.4.0/gems/web-console-2.3.0/lib/web_console/templates/console.js.erb within layouts/javascript (44.4ms)
  Rendered /root/.rbenv/versions/2.4.4/lib/ruby/gems/2.4.0/gems/web-console-2.3.0/lib/web_console/templates/main.js.erb within layouts/javascript (0.2ms)
  Rendered /root/.rbenv/versions/2.4.4/lib/ruby/gems/2.4.0/gems/web-console-2.3.0/lib/web_console/templates/error_page.js.erb within layouts/javascript (0.3ms)
  Rendered /root/.rbenv/versions/2.4.4/lib/ruby/gems/2.4.0/gems/web-console-2.3.0/lib/web_console/templates/index.html.erb (95.4ms)


Started POST "/searches_create" for 127.0.0.1 at 2018-11-11 18:39:57 -0600
Processing by SearchesController#create as HTML
  Parameters: {"utf8"=>"✓", "authenticity_token"=>"gkEOLlN2EfexVp6Z8/xnbT21afpl9T2vM7ssJcJ+eRB+IW0IJPEkH6Ga+b/6GZ59A2ScMj0GlwFrAL3v0Unl/A==", "searches"=>{"search_term"=>"cat"}, "time"=>"3", "commit"=>"Search"}
  [1m[35mUser Load (0.2ms)[0m  SELECT  "users".* FROM "users" WHERE "users"."session_token" = ? LIMIT 1  [["session_token", "jQJwI4bOZkLFptXbJaLwww=="]]
  [1m[36m (0.0ms)[0m  [1mbegin transaction[0m
  [1m[35mSQL (1.1ms)[0m  INSERT INTO "searches" ("user_id", "search_term", "from_date", "to_date", "number_of_tweets", "country", "created_at", "updated_at") VALUES (?, ?, ?, ?, ?, ?, ?, ?)  [["user_id", 2], ["search_term", "cat"], ["from_date", "2018-11-08"], ["to_date", "2018-11-11"], ["number_of_tweets", "0"], ["country", "Canada"], ["created_at", "2018-11-12 00:40:00.603269"], ["updated_at", "2018-11-12 00:40:00.603269"]]
  [1m[36m (13.7ms)[0m  [1mcommit transaction[0m
  [1m[35m (0.0ms)[0m  begin transaction
  [1m[36mSQL (1.3ms)[0m  [1mUPDATE "users" SET "current_search" = ?, "updated_at" = ? WHERE "users"."id" = ?[0m  [["current_search", "1"], ["updated_at", "2018-11-12 00:40:00.621676"], ["id", 2]]
  [1m[35m (14.6ms)[0m  commit transaction
Redirected to http://localhost:3000/searches_display?search_hash%5Bcountry%5D=Canada&search_hash%5Bfrom_date%5D=2018-11-08&search_hash%5Bgraph_data%5D=%7B%222018-11-8%22%3A0%2C%222018-11-9%22%3A0%2C%222018-11-10%22%3A89%2C%222018-11-11%22%3A92%7D&search_hash%5Bnumber_of_tweets%5D=0&search_hash%5Bsearch_term%5D=cat&search_hash%5Bto_date%5D=2018-11-11&search_hash%5Buser_id%5D=2
Completed 302 Found in 2699ms (ActiveRecord: 32.1ms)


Started GET "/searches_display?search_hash%5Bcountry%5D=Canada&search_hash%5Bfrom_date%5D=2018-11-08&search_hash%5Bgraph_data%5D=%7B%222018-11-8%22%3A0%2C%222018-11-9%22%3A0%2C%222018-11-10%22%3A89%2C%222018-11-11%22%3A92%7D&search_hash%5Bnumber_of_tweets%5D=0&search_hash%5Bsearch_term%5D=cat&search_hash%5Bto_date%5D=2018-11-11&search_hash%5Buser_id%5D=2" for 127.0.0.1 at 2018-11-11 18:40:00 -0600
Processing by SearchesController#display as HTML
  Parameters: {"search_hash"=>{"country"=>"Canada", "from_date"=>"2018-11-08", "graph_data"=>"{\"2018-11-8\":0,\"2018-11-9\":0,\"2018-11-10\":89,\"2018-11-11\":92}", "number_of_tweets"=>"0", "search_term"=>"cat", "to_date"=>"2018-11-11", "user_id"=>"2"}}
  [1m[36mUser Load (0.4ms)[0m  [1mSELECT  "users".* FROM "users" WHERE "users"."session_token" = ? LIMIT 1[0m  [["session_token", "jQJwI4bOZkLFptXbJaLwww=="]]
  [1m[35mSearches Load (0.5ms)[0m  SELECT  "searches".* FROM "searches" WHERE "searches"."id" = ? LIMIT 1  [["id", 1]]
  Rendered searches/display.html.haml within layouts/application (3.2ms)
Completed 200 OK in 32ms (Views: 27.1ms | ActiveRecord: 0.9ms)


Started POST "/searches_create" for 127.0.0.1 at 2018-11-11 18:40:14 -0600
Processing by SearchesController#create as HTML
  Parameters: {"utf8"=>"✓", "authenticity_token"=>"gkEOLlN2EfexVp6Z8/xnbT21afpl9T2vM7ssJcJ+eRB+IW0IJPEkH6Ga+b/6GZ59A2ScMj0GlwFrAL3v0Unl/A==", "searches"=>{"search_term"=>"cat"}, "time"=>"3", "commit"=>"Search"}
  [1m[36mUser Load (0.2ms)[0m  [1mSELECT  "users".* FROM "users" WHERE "users"."session_token" = ? LIMIT 1[0m  [["session_token", "jQJwI4bOZkLFptXbJaLwww=="]]
  [1m[35m (0.0ms)[0m  begin transaction
  [1m[36mSQL (0.9ms)[0m  [1mINSERT INTO "searches" ("user_id", "search_term", "from_date", "to_date", "number_of_tweets", "country", "created_at", "updated_at") VALUES (?, ?, ?, ?, ?, ?, ?, ?)[0m  [["user_id", 2], ["search_term", "cat"], ["from_date", "2018-11-08"], ["to_date", "2018-11-11"], ["number_of_tweets", "0"], ["country", "Canada"], ["created_at", "2018-11-12 00:40:16.822546"], ["updated_at", "2018-11-12 00:40:16.822546"]]
  [1m[35m (12.2ms)[0m  commit transaction
  [1m[36m (0.1ms)[0m  [1mbegin transaction[0m
  [1m[35mSQL (0.9ms)[0m  UPDATE "users" SET "current_search" = ?, "updated_at" = ? WHERE "users"."id" = ?  [["current_search", "2"], ["updated_at", "2018-11-12 00:40:16.840871"], ["id", 2]]
  [1m[36m (12.0ms)[0m  [1mcommit transaction[0m
Redirected to http://localhost:3000/searches_display?search_hash%5Bcountry%5D=Canada&search_hash%5Bfrom_date%5D=2018-11-08&search_hash%5Bgraph_data%5D=%7B%222018-11-8%22%3A0%2C%222018-11-9%22%3A0%2C%222018-11-10%22%3A89%2C%222018-11-11%22%3A92%7D&search_hash%5Bnumber_of_tweets%5D=0&search_hash%5Bsearch_term%5D=cat&search_hash%5Bto_date%5D=2018-11-11&search_hash%5Buser_id%5D=2
Completed 302 Found in 2426ms (ActiveRecord: 27.3ms)


Started GET "/searches_display?search_hash%5Bcountry%5D=Canada&search_hash%5Bfrom_date%5D=2018-11-08&search_hash%5Bgraph_data%5D=%7B%222018-11-8%22%3A0%2C%222018-11-9%22%3A0%2C%222018-11-10%22%3A89%2C%222018-11-11%22%3A92%7D&search_hash%5Bnumber_of_tweets%5D=0&search_hash%5Bsearch_term%5D=cat&search_hash%5Bto_date%5D=2018-11-11&search_hash%5Buser_id%5D=2" for 127.0.0.1 at 2018-11-11 18:40:16 -0600
Processing by SearchesController#display as HTML
  Parameters: {"search_hash"=>{"country"=>"Canada", "from_date"=>"2018-11-08", "graph_data"=>"{\"2018-11-8\":0,\"2018-11-9\":0,\"2018-11-10\":89,\"2018-11-11\":92}", "number_of_tweets"=>"0", "search_term"=>"cat", "to_date"=>"2018-11-11", "user_id"=>"2"}}
  [1m[35mUser Load (0.5ms)[0m  SELECT  "users".* FROM "users" WHERE "users"."session_token" = ? LIMIT 1  [["session_token", "jQJwI4bOZkLFptXbJaLwww=="]]
  [1m[36mSearches Load (0.3ms)[0m  [1mSELECT  "searches".* FROM "searches" WHERE "searches"."id" = ? LIMIT 1[0m  [["id", 2]]
  Rendered searches/display.html.haml within layouts/application (0.6ms)
Completed 200 OK in 35ms (Views: 29.7ms | ActiveRecord: 0.8ms)


Started POST "/searches_create" for 127.0.0.1 at 2018-11-11 18:40:27 -0600
Processing by SearchesController#create as HTML
  Parameters: {"utf8"=>"✓", "authenticity_token"=>"gkEOLlN2EfexVp6Z8/xnbT21afpl9T2vM7ssJcJ+eRB+IW0IJPEkH6Ga+b/6GZ59A2ScMj0GlwFrAL3v0Unl/A==", "searches"=>{"search_term"=>"cat"}, "time"=>"3", "commit"=>"Search"}
  [1m[35mUser Load (0.4ms)[0m  SELECT  "users".* FROM "users" WHERE "users"."session_token" = ? LIMIT 1  [["session_token", "jQJwI4bOZkLFptXbJaLwww=="]]
  [1m[36m (0.0ms)[0m  [1mbegin transaction[0m
  [1m[35mSQL (1.0ms)[0m  INSERT INTO "searches" ("user_id", "search_term", "from_date", "to_date", "number_of_tweets", "country", "created_at", "updated_at") VALUES (?, ?, ?, ?, ?, ?, ?, ?)  [["user_id", 2], ["search_term", "cat"], ["from_date", "2018-11-08"], ["to_date", "2018-11-11"], ["number_of_tweets", "0"], ["country", "Canada"], ["created_at", "2018-11-12 00:40:29.714536"], ["updated_at", "2018-11-12 00:40:29.714536"]]
  [1m[36m (13.0ms)[0m  [1mcommit transaction[0m
  [1m[35m (0.1ms)[0m  begin transaction
  [1m[36mSQL (0.8ms)[0m  [1mUPDATE "users" SET "current_search" = ?, "updated_at" = ? WHERE "users"."id" = ?[0m  [["current_search", "3"], ["updated_at", "2018-11-12 00:40:29.733342"], ["id", 2]]
  [1m[35m (12.7ms)[0m  commit transaction
Redirected to http://localhost:3000/searches_display?search_hash%5Bcountry%5D=Canada&search_hash%5Bfrom_date%5D=2018-11-08&search_hash%5Bgraph_data%5D=%7B%222018-11-8%22%3A0%2C%222018-11-9%22%3A0%2C%222018-11-10%22%3A89%2C%222018-11-11%22%3A92%7D&search_hash%5Bnumber_of_tweets%5D=0&search_hash%5Bsearch_term%5D=cat&search_hash%5Bto_date%5D=2018-11-11&search_hash%5Buser_id%5D=2
Completed 302 Found in 2374ms (ActiveRecord: 28.1ms)


Started GET "/searches_display?search_hash%5Bcountry%5D=Canada&search_hash%5Bfrom_date%5D=2018-11-08&search_hash%5Bgraph_data%5D=%7B%222018-11-8%22%3A0%2C%222018-11-9%22%3A0%2C%222018-11-10%22%3A89%2C%222018-11-11%22%3A92%7D&search_hash%5Bnumber_of_tweets%5D=0&search_hash%5Bsearch_term%5D=cat&search_hash%5Bto_date%5D=2018-11-11&search_hash%5Buser_id%5D=2" for 127.0.0.1 at 2018-11-11 18:40:29 -0600
Processing by SearchesController#display as HTML
  Parameters: {"search_hash"=>{"country"=>"Canada", "from_date"=>"2018-11-08", "graph_data"=>"{\"2018-11-8\":0,\"2018-11-9\":0,\"2018-11-10\":89,\"2018-11-11\":92}", "number_of_tweets"=>"0", "search_term"=>"cat", "to_date"=>"2018-11-11", "user_id"=>"2"}}
  [1m[36mUser Load (0.2ms)[0m  [1mSELECT  "users".* FROM "users" WHERE "users"."session_token" = ? LIMIT 1[0m  [["session_token", "jQJwI4bOZkLFptXbJaLwww=="]]
  [1m[35mSearches Load (0.2ms)[0m  SELECT  "searches".* FROM "searches" WHERE "searches"."id" = ? LIMIT 1  [["id", 3]]
  Rendered searches/display.html.haml within layouts/application (0.7ms)
Completed 200 OK in 25ms (Views: 23.2ms | ActiveRecord: 0.4ms)


Started POST "/searches_create" for 127.0.0.1 at 2018-11-11 18:41:05 -0600
Processing by SearchesController#create as HTML
  Parameters: {"utf8"=>"✓", "authenticity_token"=>"gkEOLlN2EfexVp6Z8/xnbT21afpl9T2vM7ssJcJ+eRB+IW0IJPEkH6Ga+b/6GZ59A2ScMj0GlwFrAL3v0Unl/A==", "searches"=>{"search_term"=>"cat"}, "time"=>"3", "commit"=>"Search"}
  [1m[36mUser Load (0.2ms)[0m  [1mSELECT  "users".* FROM "users" WHERE "users"."session_token" = ? LIMIT 1[0m  [["session_token", "jQJwI4bOZkLFptXbJaLwww=="]]
  [1m[35m (0.0ms)[0m  begin transaction
  [1m[36mSQL (0.9ms)[0m  [1mINSERT INTO "searches" ("user_id", "search_term", "from_date", "to_date", "number_of_tweets", "country", "created_at", "updated_at") VALUES (?, ?, ?, ?, ?, ?, ?, ?)[0m  [["user_id", 2], ["search_term", "cat"], ["from_date", "2018-11-08"], ["to_date", "2018-11-11"], ["number_of_tweets", "0"], ["country", "Canada"], ["created_at", "2018-11-12 00:41:07.472558"], ["updated_at", "2018-11-12 00:41:07.472558"]]
  [1m[35m (15.1ms)[0m  commit transaction
  [1m[36m (0.0ms)[0m  [1mbegin transaction[0m
  [1m[35mSQL (1.0ms)[0m  UPDATE "users" SET "current_search" = ?, "updated_at" = ? WHERE "users"."id" = ?  [["current_search", "4"], ["updated_at", "2018-11-12 00:41:07.491279"], ["id", 2]]
  [1m[36m (13.6ms)[0m  [1mcommit transaction[0m
Redirected to http://localhost:3000/searches_display?search_hash%5Bcountry%5D=Canada&search_hash%5Bfrom_date%5D=2018-11-08&search_hash%5Bgraph_data%5D=%7B%222018-11-8%22%3A0%2C%222018-11-9%22%3A0%2C%222018-11-10%22%3A89%2C%222018-11-11%22%3A92%2C%222018-11-12%22%3A4%7D&search_hash%5Bnumber_of_tweets%5D=0&search_hash%5Bsearch_term%5D=cat&search_hash%5Bto_date%5D=2018-11-11&search_hash%5Buser_id%5D=2
Completed 302 Found in 2346ms (ActiveRecord: 32.0ms)


Started POST "/searches_create" for 127.0.0.1 at 2018-11-11 18:41:07 -0600
Processing by SearchesController#create as HTML
  Parameters: {"utf8"=>"✓", "authenticity_token"=>"gkEOLlN2EfexVp6Z8/xnbT21afpl9T2vM7ssJcJ+eRB+IW0IJPEkH6Ga+b/6GZ59A2ScMj0GlwFrAL3v0Unl/A==", "searches"=>{"search_term"=>"cat"}, "time"=>"3", "commit"=>"Search"}
  [1m[35mUser Load (0.2ms)[0m  SELECT  "users".* FROM "users" WHERE "users"."session_token" = ? LIMIT 1  [["session_token", "jQJwI4bOZkLFptXbJaLwww=="]]
  [1m[36m (0.1ms)[0m  [1mbegin transaction[0m
  [1m[35mSQL (1.1ms)[0m  INSERT INTO "searches" ("user_id", "search_term", "from_date", "to_date", "number_of_tweets", "country", "created_at", "updated_at") VALUES (?, ?, ?, ?, ?, ?, ?, ?)  [["user_id", 2], ["search_term", "cat"], ["from_date", "2018-11-08"], ["to_date", "2018-11-11"], ["number_of_tweets", "0"], ["country", "Canada"], ["created_at", "2018-11-12 00:41:09.738820"], ["updated_at", "2018-11-12 00:41:09.738820"]]
  [1m[36m (11.3ms)[0m  [1mcommit transaction[0m
  [1m[35m (0.1ms)[0m  begin transaction
  [1m[36mSQL (0.8ms)[0m  [1mUPDATE "users" SET "current_search" = ?, "updated_at" = ? WHERE "users"."id" = ?[0m  [["current_search", "5"], ["updated_at", "2018-11-12 00:41:09.756992"], ["id", 2]]
  [1m[35m (12.3ms)[0m  commit transaction
Redirected to http://localhost:3000/searches_display?search_hash%5Bcountry%5D=Canada&search_hash%5Bfrom_date%5D=2018-11-08&search_hash%5Bgraph_data%5D=%7B%222018-11-8%22%3A0%2C%222018-11-9%22%3A0%2C%222018-11-10%22%3A89%2C%222018-11-11%22%3A92%2C%222018-11-12%22%3A4%7D&search_hash%5Bnumber_of_tweets%5D=0&search_hash%5Bsearch_term%5D=cat&search_hash%5Bto_date%5D=2018-11-11&search_hash%5Buser_id%5D=2
Completed 302 Found in 2253ms (ActiveRecord: 25.8ms)


Started GET "/searches_display?search_hash%5Bcountry%5D=Canada&search_hash%5Bfrom_date%5D=2018-11-08&search_hash%5Bgraph_data%5D=%7B%222018-11-8%22%3A0%2C%222018-11-9%22%3A0%2C%222018-11-10%22%3A89%2C%222018-11-11%22%3A92%2C%222018-11-12%22%3A4%7D&search_hash%5Bnumber_of_tweets%5D=0&search_hash%5Bsearch_term%5D=cat&search_hash%5Bto_date%5D=2018-11-11&search_hash%5Buser_id%5D=2" for 127.0.0.1 at 2018-11-11 18:41:09 -0600
Processing by SearchesController#display as HTML
  Parameters: {"search_hash"=>{"country"=>"Canada", "from_date"=>"2018-11-08", "graph_data"=>"{\"2018-11-8\":0,\"2018-11-9\":0,\"2018-11-10\":89,\"2018-11-11\":92,\"2018-11-12\":4}", "number_of_tweets"=>"0", "search_term"=>"cat", "to_date"=>"2018-11-11", "user_id"=>"2"}}
  [1m[36mUser Load (0.4ms)[0m  [1mSELECT  "users".* FROM "users" WHERE "users"."session_token" = ? LIMIT 1[0m  [["session_token", "jQJwI4bOZkLFptXbJaLwww=="]]
  [1m[35mSearches Load (0.3ms)[0m  SELECT  "searches".* FROM "searches" WHERE "searches"."id" = ? LIMIT 1  [["id", 5]]
  Rendered searches/display.html.haml within layouts/application (0.8ms)
Completed 200 OK in 35ms (Views: 29.5ms | ActiveRecord: 0.7ms)


Started POST "/searches_create" for 127.0.0.1 at 2018-11-11 18:41:40 -0600
Processing by SearchesController#create as HTML
  Parameters: {"utf8"=>"✓", "authenticity_token"=>"gkEOLlN2EfexVp6Z8/xnbT21afpl9T2vM7ssJcJ+eRB+IW0IJPEkH6Ga+b/6GZ59A2ScMj0GlwFrAL3v0Unl/A==", "searches"=>{"search_term"=>"Kanye"}, "time"=>"3", "commit"=>"Search"}
  [1m[36mUser Load (0.2ms)[0m  [1mSELECT  "users".* FROM "users" WHERE "users"."session_token" = ? LIMIT 1[0m  [["session_token", "jQJwI4bOZkLFptXbJaLwww=="]]
  [1m[35m (0.1ms)[0m  begin transaction
  [1m[36mSQL (1.0ms)[0m  [1mINSERT INTO "searches" ("user_id", "search_term", "from_date", "to_date", "number_of_tweets", "country", "created_at", "updated_at") VALUES (?, ?, ?, ?, ?, ?, ?, ?)[0m  [["user_id", 2], ["search_term", "Kanye"], ["from_date", "2018-11-08"], ["to_date", "2018-11-11"], ["number_of_tweets", "0"], ["country", "Canada"], ["created_at", "2018-11-12 00:41:41.498634"], ["updated_at", "2018-11-12 00:41:41.498634"]]
  [1m[35m (14.0ms)[0m  commit transaction
  [1m[36m (0.1ms)[0m  [1mbegin transaction[0m
  [1m[35mSQL (0.9ms)[0m  UPDATE "users" SET "current_search" = ?, "updated_at" = ? WHERE "users"."id" = ?  [["current_search", "6"], ["updated_at", "2018-11-12 00:41:41.517623"], ["id", 2]]
  [1m[36m (14.0ms)[0m  [1mcommit transaction[0m
Redirected to http://localhost:3000/searches_display?search_hash%5Bcountry%5D=Canada&search_hash%5Bfrom_date%5D=2018-11-08&search_hash%5Bgraph_data%5D=%7B%222018-11-8%22%3A0%2C%222018-11-9%22%3A0%2C%222018-11-10%22%3A5%2C%222018-11-11%22%3A1%2C%222018-11-12%22%3A0%7D&search_hash%5Bnumber_of_tweets%5D=0&search_hash%5Bsearch_term%5D=Kanye&search_hash%5Bto_date%5D=2018-11-11&search_hash%5Buser_id%5D=2
Completed 302 Found in 547ms (ActiveRecord: 30.2ms)


Started GET "/searches_display?search_hash%5Bcountry%5D=Canada&search_hash%5Bfrom_date%5D=2018-11-08&search_hash%5Bgraph_data%5D=%7B%222018-11-8%22%3A0%2C%222018-11-9%22%3A0%2C%222018-11-10%22%3A5%2C%222018-11-11%22%3A1%2C%222018-11-12%22%3A0%7D&search_hash%5Bnumber_of_tweets%5D=0&search_hash%5Bsearch_term%5D=Kanye&search_hash%5Bto_date%5D=2018-11-11&search_hash%5Buser_id%5D=2" for 127.0.0.1 at 2018-11-11 18:41:41 -0600
Processing by SearchesController#display as HTML
  Parameters: {"search_hash"=>{"country"=>"Canada", "from_date"=>"2018-11-08", "graph_data"=>"{\"2018-11-8\":0,\"2018-11-9\":0,\"2018-11-10\":5,\"2018-11-11\":1,\"2018-11-12\":0}", "number_of_tweets"=>"0", "search_term"=>"Kanye", "to_date"=>"2018-11-11", "user_id"=>"2"}}
  [1m[35mUser Load (0.3ms)[0m  SELECT  "users".* FROM "users" WHERE "users"."session_token" = ? LIMIT 1  [["session_token", "jQJwI4bOZkLFptXbJaLwww=="]]
  [1m[36mSearches Load (0.2ms)[0m  [1mSELECT  "searches".* FROM "searches" WHERE "searches"."id" = ? LIMIT 1[0m  [["id", 6]]
  Rendered searches/display.html.haml within layouts/application (0.7ms)
Completed 200 OK in 28ms (Views: 25.4ms | ActiveRecord: 0.4ms)


Started POST "/searches_create" for 127.0.0.1 at 2018-11-11 18:41:57 -0600
Processing by SearchesController#create as HTML
  Parameters: {"utf8"=>"✓", "authenticity_token"=>"gkEOLlN2EfexVp6Z8/xnbT21afpl9T2vM7ssJcJ+eRB+IW0IJPEkH6Ga+b/6GZ59A2ScMj0GlwFrAL3v0Unl/A==", "searches"=>{"search_term"=>"kanye"}, "time"=>"3", "commit"=>"Search"}
  [1m[35mUser Load (0.2ms)[0m  SELECT  "users".* FROM "users" WHERE "users"."session_token" = ? LIMIT 1  [["session_token", "jQJwI4bOZkLFptXbJaLwww=="]]
  [1m[36m (0.1ms)[0m  [1mbegin transaction[0m
  [1m[35mSQL (1.0ms)[0m  INSERT INTO "searches" ("user_id", "search_term", "from_date", "to_date", "number_of_tweets", "country", "created_at", "updated_at") VALUES (?, ?, ?, ?, ?, ?, ?, ?)  [["user_id", 2], ["search_term", "kanye"], ["from_date", "2018-11-08"], ["to_date", "2018-11-11"], ["number_of_tweets", "0"], ["country", "Canada"], ["created_at", "2018-11-12 00:41:57.807783"], ["updated_at", "2018-11-12 00:41:57.807783"]]
  [1m[36m (11.0ms)[0m  [1mcommit transaction[0m
  [1m[35m (0.0ms)[0m  begin transaction
  [1m[36mSQL (1.3ms)[0m  [1mUPDATE "users" SET "current_search" = ?, "updated_at" = ? WHERE "users"."id" = ?[0m  [["current_search", "7"], ["updated_at", "2018-11-12 00:41:57.824944"], ["id", 2]]
  [1m[35m (10.2ms)[0m  commit transaction
Redirected to http://localhost:3000/searches_display?search_hash%5Bcountry%5D=Canada&search_hash%5Bfrom_date%5D=2018-11-08&search_hash%5Bgraph_data%5D=%7B%222018-11-8%22%3A0%2C%222018-11-9%22%3A0%2C%222018-11-10%22%3A5%2C%222018-11-11%22%3A1%2C%222018-11-12%22%3A0%7D&search_hash%5Bnumber_of_tweets%5D=0&search_hash%5Bsearch_term%5D=kanye&search_hash%5Bto_date%5D=2018-11-11&search_hash%5Buser_id%5D=2
Completed 302 Found in 478ms (ActiveRecord: 23.7ms)


Started GET "/searches_display?search_hash%5Bcountry%5D=Canada&search_hash%5Bfrom_date%5D=2018-11-08&search_hash%5Bgraph_data%5D=%7B%222018-11-8%22%3A0%2C%222018-11-9%22%3A0%2C%222018-11-10%22%3A5%2C%222018-11-11%22%3A1%2C%222018-11-12%22%3A0%7D&search_hash%5Bnumber_of_tweets%5D=0&search_hash%5Bsearch_term%5D=kanye&search_hash%5Bto_date%5D=2018-11-11&search_hash%5Buser_id%5D=2" for 127.0.0.1 at 2018-11-11 18:41:57 -0600
Processing by SearchesController#display as HTML
  Parameters: {"search_hash"=>{"country"=>"Canada", "from_date"=>"2018-11-08", "graph_data"=>"{\"2018-11-8\":0,\"2018-11-9\":0,\"2018-11-10\":5,\"2018-11-11\":1,\"2018-11-12\":0}", "number_of_tweets"=>"0", "search_term"=>"kanye", "to_date"=>"2018-11-11", "user_id"=>"2"}}
  [1m[36mUser Load (0.3ms)[0m  [1mSELECT  "users".* FROM "users" WHERE "users"."session_token" = ? LIMIT 1[0m  [["session_token", "jQJwI4bOZkLFptXbJaLwww=="]]
  [1m[35mSearches Load (0.2ms)[0m  SELECT  "searches".* FROM "searches" WHERE "searches"."id" = ? LIMIT 1  [["id", 7]]
  Rendered searches/display.html.haml within layouts/application (0.7ms)
Completed 200 OK in 28ms (Views: 25.7ms | ActiveRecord: 0.4ms)


Started POST "/searches_create" for 127.0.0.1 at 2018-11-11 18:42:10 -0600
Processing by SearchesController#create as HTML
  Parameters: {"utf8"=>"✓", "authenticity_token"=>"gkEOLlN2EfexVp6Z8/xnbT21afpl9T2vM7ssJcJ+eRB+IW0IJPEkH6Ga+b/6GZ59A2ScMj0GlwFrAL3v0Unl/A==", "searches"=>{"search_term"=>"kanye west"}, "time"=>"3", "commit"=>"Search"}
  [1m[36mUser Load (0.2ms)[0m  [1mSELECT  "users".* FROM "users" WHERE "users"."session_token" = ? LIMIT 1[0m  [["session_token", "jQJwI4bOZkLFptXbJaLwww=="]]
  [1m[35m (0.1ms)[0m  begin transaction
  [1m[36mSQL (1.5ms)[0m  [1mINSERT INTO "searches" ("user_id", "search_term", "from_date", "to_date", "number_of_tweets", "country", "created_at", "updated_at") VALUES (?, ?, ?, ?, ?, ?, ?, ?)[0m  [["user_id", 2], ["search_term", "kanye west"], ["from_date", "2018-11-08"], ["to_date", "2018-11-11"], ["number_of_tweets", "0"], ["country", "Canada"], ["created_at", "2018-11-12 00:42:10.663274"], ["updated_at", "2018-11-12 00:42:10.663274"]]
  [1m[35m (13.6ms)[0m  commit transaction
  [1m[36m (0.1ms)[0m  [1mbegin transaction[0m
  [1m[35mSQL (0.8ms)[0m  UPDATE "users" SET "current_search" = ?, "updated_at" = ? WHERE "users"."id" = ?  [["current_search", "8"], ["updated_at", "2018-11-12 00:42:10.683051"], ["id", 2]]
  [1m[36m (11.5ms)[0m  [1mcommit transaction[0m
Redirected to http://localhost:3000/searches_display?search_hash%5Bcountry%5D=Canada&search_hash%5Bfrom_date%5D=2018-11-08&search_hash%5Bgraph_data%5D=%7B%222018-11-8%22%3A0%2C%222018-11-9%22%3A0%2C%222018-11-10%22%3A1%2C%222018-11-11%22%3A0%2C%222018-11-12%22%3A0%7D&search_hash%5Bnumber_of_tweets%5D=0&search_hash%5Bsearch_term%5D=kanye+west&search_hash%5Bto_date%5D=2018-11-11&search_hash%5Buser_id%5D=2
Completed 302 Found in 313ms (ActiveRecord: 27.6ms)


Started GET "/searches_display?search_hash%5Bcountry%5D=Canada&search_hash%5Bfrom_date%5D=2018-11-08&search_hash%5Bgraph_data%5D=%7B%222018-11-8%22%3A0%2C%222018-11-9%22%3A0%2C%222018-11-10%22%3A1%2C%222018-11-11%22%3A0%2C%222018-11-12%22%3A0%7D&search_hash%5Bnumber_of_tweets%5D=0&search_hash%5Bsearch_term%5D=kanye+west&search_hash%5Bto_date%5D=2018-11-11&search_hash%5Buser_id%5D=2" for 127.0.0.1 at 2018-11-11 18:42:10 -0600
Processing by SearchesController#display as HTML
  Parameters: {"search_hash"=>{"country"=>"Canada", "from_date"=>"2018-11-08", "graph_data"=>"{\"2018-11-8\":0,\"2018-11-9\":0,\"2018-11-10\":1,\"2018-11-11\":0,\"2018-11-12\":0}", "number_of_tweets"=>"0", "search_term"=>"kanye west", "to_date"=>"2018-11-11", "user_id"=>"2"}}
  [1m[35mUser Load (0.3ms)[0m  SELECT  "users".* FROM "users" WHERE "users"."session_token" = ? LIMIT 1  [["session_token", "jQJwI4bOZkLFptXbJaLwww=="]]
  [1m[36mSearches Load (0.2ms)[0m  [1mSELECT  "searches".* FROM "searches" WHERE "searches"."id" = ? LIMIT 1[0m  [["id", 8]]
  Rendered searches/display.html.haml within layouts/application (0.5ms)
Completed 200 OK in 26ms (Views: 23.9ms | ActiveRecord: 0.4ms)


Started POST "/searches_create" for 127.0.0.1 at 2018-11-11 18:42:54 -0600
Processing by SearchesController#create as HTML
  Parameters: {"utf8"=>"✓", "authenticity_token"=>"gkEOLlN2EfexVp6Z8/xnbT21afpl9T2vM7ssJcJ+eRB+IW0IJPEkH6Ga+b/6GZ59A2ScMj0GlwFrAL3v0Unl/A==", "searches"=>{"search_term"=>"kanye west"}, "time"=>"3", "commit"=>"Search"}
  [1m[35mUser Load (0.2ms)[0m  SELECT  "users".* FROM "users" WHERE "users"."session_token" = ? LIMIT 1  [["session_token", "jQJwI4bOZkLFptXbJaLwww=="]]
  [1m[36m (0.0ms)[0m  [1mbegin transaction[0m
  [1m[35mSQL (0.9ms)[0m  INSERT INTO "searches" ("user_id", "search_term", "from_date", "to_date", "number_of_tweets", "country", "created_at", "updated_at") VALUES (?, ?, ?, ?, ?, ?, ?, ?)  [["user_id", 2], ["search_term", "kanye west"], ["from_date", "2018-11-08"], ["to_date", "2018-11-11"], ["number_of_tweets", "0"], ["country", "Canada"], ["created_at", "2018-11-12 00:42:55.218033"], ["updated_at", "2018-11-12 00:42:55.218033"]]
  [1m[36m (14.9ms)[0m  [1mcommit transaction[0m
  [1m[35m (0.0ms)[0m  begin transaction
  [1m[36mSQL (0.9ms)[0m  [1mUPDATE "users" SET "current_search" = ?, "updated_at" = ? WHERE "users"."id" = ?[0m  [["current_search", "9"], ["updated_at", "2018-11-12 00:42:55.236879"], ["id", 2]]
  [1m[35m (16.4ms)[0m  commit transaction
Redirected to http://localhost:3000/searches_display?search_hash%5Bcountry%5D=Canada&search_hash%5Bfrom_date%5D=2018-11-08&search_hash%5Bgraph_data%5D=%7B%222018-11-8%22%3A0%2C%222018-11-9%22%3A0%2C%222018-11-10%22%3A1%2C%222018-11-11%22%3A0%2C%222018-11-12%22%3A0%7D&search_hash%5Bnumber_of_tweets%5D=0&search_hash%5Bsearch_term%5D=kanye+west&search_hash%5Bto_date%5D=2018-11-11&search_hash%5Buser_id%5D=2
Completed 302 Found in 340ms (ActiveRecord: 35.2ms)


Started GET "/searches_display?search_hash%5Bcountry%5D=Canada&search_hash%5Bfrom_date%5D=2018-11-08&search_hash%5Bgraph_data%5D=%7B%222018-11-8%22%3A0%2C%222018-11-9%22%3A0%2C%222018-11-10%22%3A1%2C%222018-11-11%22%3A0%2C%222018-11-12%22%3A0%7D&search_hash%5Bnumber_of_tweets%5D=0&search_hash%5Bsearch_term%5D=kanye+west&search_hash%5Bto_date%5D=2018-11-11&search_hash%5Buser_id%5D=2" for 127.0.0.1 at 2018-11-11 18:42:55 -0600
Processing by SearchesController#display as HTML
  Parameters: {"search_hash"=>{"country"=>"Canada", "from_date"=>"2018-11-08", "graph_data"=>"{\"2018-11-8\":0,\"2018-11-9\":0,\"2018-11-10\":1,\"2018-11-11\":0,\"2018-11-12\":0}", "number_of_tweets"=>"0", "search_term"=>"kanye west", "to_date"=>"2018-11-11", "user_id"=>"2"}}
  [1m[36mUser Load (0.4ms)[0m  [1mSELECT  "users".* FROM "users" WHERE "users"."session_token" = ? LIMIT 1[0m  [["session_token", "jQJwI4bOZkLFptXbJaLwww=="]]
  [1m[35mSearches Load (0.2ms)[0m  SELECT  "searches".* FROM "searches" WHERE "searches"."id" = ? LIMIT 1  [["id", 9]]
  Rendered searches/display.html.haml within layouts/application (0.6ms)
Completed 200 OK in 33ms (Views: 29.3ms | ActiveRecord: 0.6ms)


Started POST "/searches_create" for 127.0.0.1 at 2018-11-11 18:43:06 -0600
Processing by SearchesController#create as HTML
  Parameters: {"utf8"=>"✓", "authenticity_token"=>"gkEOLlN2EfexVp6Z8/xnbT21afpl9T2vM7ssJcJ+eRB+IW0IJPEkH6Ga+b/6GZ59A2ScMj0GlwFrAL3v0Unl/A==", "searches"=>{"search_term"=>"cat"}, "time"=>"3", "commit"=>"Search"}
  [1m[36mUser Load (0.2ms)[0m  [1mSELECT  "users".* FROM "users" WHERE "users"."session_token" = ? LIMIT 1[0m  [["session_token", "jQJwI4bOZkLFptXbJaLwww=="]]
  [1m[35m (0.1ms)[0m  begin transaction
  [1m[36mSQL (0.9ms)[0m  [1mINSERT INTO "searches" ("user_id", "search_term", "from_date", "to_date", "number_of_tweets", "country", "created_at", "updated_at") VALUES (?, ?, ?, ?, ?, ?, ?, ?)[0m  [["user_id", 2], ["search_term", "cat"], ["from_date", "2018-11-08"], ["to_date", "2018-11-11"], ["number_of_tweets", "0"], ["country", "Canada"], ["created_at", "2018-11-12 00:43:08.019099"], ["updated_at", "2018-11-12 00:43:08.019099"]]
  [1m[35m (14.7ms)[0m  commit transaction
  [1m[36m (0.0ms)[0m  [1mbegin transaction[0m
  [1m[35mSQL (0.9ms)[0m  UPDATE "users" SET "current_search" = ?, "updated_at" = ? WHERE "users"."id" = ?  [["current_search", "10"], ["updated_at", "2018-11-12 00:43:08.038228"], ["id", 2]]
  [1m[36m (14.6ms)[0m  [1mcommit transaction[0m
Redirected to http://localhost:3000/searches_display?search_hash%5Bcountry%5D=Canada&search_hash%5Bfrom_date%5D=2018-11-08&search_hash%5Bgraph_data%5D=%7B%222018-11-8%22%3A0%2C%222018-11-9%22%3A0%2C%222018-11-10%22%3A89%2C%222018-11-11%22%3A0%2C%222018-11-12%22%3A0%7D&search_hash%5Bnumber_of_tweets%5D=0&search_hash%5Bsearch_term%5D=cat&search_hash%5Bto_date%5D=2018-11-11&search_hash%5Buser_id%5D=2
Completed 302 Found in 1671ms (ActiveRecord: 31.4ms)


Started GET "/searches_display?search_hash%5Bcountry%5D=Canada&search_hash%5Bfrom_date%5D=2018-11-08&search_hash%5Bgraph_data%5D=%7B%222018-11-8%22%3A0%2C%222018-11-9%22%3A0%2C%222018-11-10%22%3A89%2C%222018-11-11%22%3A0%2C%222018-11-12%22%3A0%7D&search_hash%5Bnumber_of_tweets%5D=0&search_hash%5Bsearch_term%5D=cat&search_hash%5Bto_date%5D=2018-11-11&search_hash%5Buser_id%5D=2" for 127.0.0.1 at 2018-11-11 18:43:08 -0600
Processing by SearchesController#display as HTML
  Parameters: {"search_hash"=>{"country"=>"Canada", "from_date"=>"2018-11-08", "graph_data"=>"{\"2018-11-8\":0,\"2018-11-9\":0,\"2018-11-10\":89,\"2018-11-11\":0,\"2018-11-12\":0}", "number_of_tweets"=>"0", "search_term"=>"cat", "to_date"=>"2018-11-11", "user_id"=>"2"}}
  [1m[35mUser Load (0.2ms)[0m  SELECT  "users".* FROM "users" WHERE "users"."session_token" = ? LIMIT 1  [["session_token", "jQJwI4bOZkLFptXbJaLwww=="]]
  [1m[36mSearches Load (0.2ms)[0m  [1mSELECT  "searches".* FROM "searches" WHERE "searches"."id" = ? LIMIT 1[0m  [["id", 10]]
  Rendered searches/display.html.haml within layouts/application (0.8ms)
Completed 200 OK in 27ms (Views: 24.8ms | ActiveRecord: 0.4ms)


Started POST "/searches_create" for 127.0.0.1 at 2018-11-11 18:43:32 -0600
Processing by SearchesController#create as HTML
  Parameters: {"utf8"=>"✓", "authenticity_token"=>"gkEOLlN2EfexVp6Z8/xnbT21afpl9T2vM7ssJcJ+eRB+IW0IJPEkH6Ga+b/6GZ59A2ScMj0GlwFrAL3v0Unl/A==", "searches"=>{"search_term"=>"cat"}, "time"=>"3", "commit"=>"Search"}
  [1m[35mUser Load (0.2ms)[0m  SELECT  "users".* FROM "users" WHERE "users"."session_token" = ? LIMIT 1  [["session_token", "jQJwI4bOZkLFptXbJaLwww=="]]
  [1m[36m (0.0ms)[0m  [1mbegin transaction[0m
  [1m[35mSQL (1.0ms)[0m  INSERT INTO "searches" ("user_id", "search_term", "from_date", "to_date", "number_of_tweets", "country", "created_at", "updated_at") VALUES (?, ?, ?, ?, ?, ?, ?, ?)  [["user_id", 2], ["search_term", "cat"], ["from_date", "2018-11-08"], ["to_date", "2018-11-11"], ["number_of_tweets", "0"], ["country", "Canada"], ["created_at", "2018-11-12 00:43:33.133168"], ["updated_at", "2018-11-12 00:43:33.133168"]]
  [1m[36m (14.3ms)[0m  [1mcommit transaction[0m
  [1m[35m (0.0ms)[0m  begin transaction
  [1m[36mSQL (0.8ms)[0m  [1mUPDATE "users" SET "current_search" = ?, "updated_at" = ? WHERE "users"."id" = ?[0m  [["current_search", "11"], ["updated_at", "2018-11-12 00:43:33.150821"], ["id", 2]]
  [1m[35m (15.1ms)[0m  commit transaction
Redirected to http://localhost:3000/searches_display?search_hash%5Bcountry%5D=Canada&search_hash%5Bfrom_date%5D=2018-11-08&search_hash%5Bgraph_data%5D=%7B%222018-11-8%22%3A0%2C%222018-11-9%22%3A0%2C%222018-11-10%22%3A0%2C%222018-11-11%22%3A0%2C%222018-11-12%22%3A0%7D&search_hash%5Bnumber_of_tweets%5D=0&search_hash%5Bsearch_term%5D=cat&search_hash%5Bto_date%5D=2018-11-11&search_hash%5Buser_id%5D=2
Completed 302 Found in 316ms (ActiveRecord: 32.6ms)


Started GET "/searches_display?search_hash%5Bcountry%5D=Canada&search_hash%5Bfrom_date%5D=2018-11-08&search_hash%5Bgraph_data%5D=%7B%222018-11-8%22%3A0%2C%222018-11-9%22%3A0%2C%222018-11-10%22%3A0%2C%222018-11-11%22%3A0%2C%222018-11-12%22%3A0%7D&search_hash%5Bnumber_of_tweets%5D=0&search_hash%5Bsearch_term%5D=cat&search_hash%5Bto_date%5D=2018-11-11&search_hash%5Buser_id%5D=2" for 127.0.0.1 at 2018-11-11 18:43:33 -0600
Processing by SearchesController#display as HTML
  Parameters: {"search_hash"=>{"country"=>"Canada", "from_date"=>"2018-11-08", "graph_data"=>"{\"2018-11-8\":0,\"2018-11-9\":0,\"2018-11-10\":0,\"2018-11-11\":0,\"2018-11-12\":0}", "number_of_tweets"=>"0", "search_term"=>"cat", "to_date"=>"2018-11-11", "user_id"=>"2"}}
  [1m[36mUser Load (0.2ms)[0m  [1mSELECT  "users".* FROM "users" WHERE "users"."session_token" = ? LIMIT 1[0m  [["session_token", "jQJwI4bOZkLFptXbJaLwww=="]]
  [1m[35mSearches Load (0.2ms)[0m  SELECT  "searches".* FROM "searches" WHERE "searches"."id" = ? LIMIT 1  [["id", 11]]
  Rendered searches/display.html.haml within layouts/application (0.8ms)
Completed 200 OK in 26ms (Views: 23.6ms | ActiveRecord: 0.4ms)


Started POST "/searches_create" for 127.0.0.1 at 2018-11-11 18:44:58 -0600
Processing by SearchesController#create as HTML
  Parameters: {"utf8"=>"✓", "authenticity_token"=>"gkEOLlN2EfexVp6Z8/xnbT21afpl9T2vM7ssJcJ+eRB+IW0IJPEkH6Ga+b/6GZ59A2ScMj0GlwFrAL3v0Unl/A==", "searches"=>{"search_term"=>"cat"}, "time"=>"3", "commit"=>"Search"}
  [1m[36mUser Load (0.2ms)[0m  [1mSELECT  "users".* FROM "users" WHERE "users"."session_token" = ? LIMIT 1[0m  [["session_token", "jQJwI4bOZkLFptXbJaLwww=="]]
  [1m[35m (0.0ms)[0m  begin transaction
  [1m[36mSQL (0.9ms)[0m  [1mINSERT INTO "searches" ("user_id", "search_term", "from_date", "to_date", "number_of_tweets", "country", "created_at", "updated_at") VALUES (?, ?, ?, ?, ?, ?, ?, ?)[0m  [["user_id", 2], ["search_term", "cat"], ["from_date", "2018-11-08"], ["to_date", "2018-11-11"], ["number_of_tweets", "0"], ["country", "Canada"], ["created_at", "2018-11-12 00:45:00.673171"], ["updated_at", "2018-11-12 00:45:00.673171"]]
  [1m[35m (14.4ms)[0m  commit transaction
  [1m[36m (0.1ms)[0m  [1mbegin transaction[0m
  [1m[35mSQL (0.9ms)[0m  UPDATE "users" SET "current_search" = ?, "updated_at" = ? WHERE "users"."id" = ?  [["current_search", "12"], ["updated_at", "2018-11-12 00:45:00.693280"], ["id", 2]]
  [1m[36m (12.9ms)[0m  [1mcommit transaction[0m
Redirected to http://localhost:3000/searches_display?search_hash%5Bcountry%5D=Canada&search_hash%5Bfrom_date%5D=2018-11-08&search_hash%5Bgraph_data%5D=%7B%222018-11-8%22%3A0%2C%222018-11-9%22%3A0%2C%222018-11-10%22%3A89%2C%222018-11-11%22%3A92%2C%222018-11-12%22%3A4%7D&search_hash%5Bnumber_of_tweets%5D=0&search_hash%5Bsearch_term%5D=cat&search_hash%5Bto_date%5D=2018-11-11&search_hash%5Buser_id%5D=2
Completed 302 Found in 2431ms (ActiveRecord: 30.9ms)


Started GET "/searches_display?search_hash%5Bcountry%5D=Canada&search_hash%5Bfrom_date%5D=2018-11-08&search_hash%5Bgraph_data%5D=%7B%222018-11-8%22%3A0%2C%222018-11-9%22%3A0%2C%222018-11-10%22%3A89%2C%222018-11-11%22%3A92%2C%222018-11-12%22%3A4%7D&search_hash%5Bnumber_of_tweets%5D=0&search_hash%5Bsearch_term%5D=cat&search_hash%5Bto_date%5D=2018-11-11&search_hash%5Buser_id%5D=2" for 127.0.0.1 at 2018-11-11 18:45:00 -0600
Processing by SearchesController#display as HTML
  Parameters: {"search_hash"=>{"country"=>"Canada", "from_date"=>"2018-11-08", "graph_data"=>"{\"2018-11-8\":0,\"2018-11-9\":0,\"2018-11-10\":89,\"2018-11-11\":92,\"2018-11-12\":4}", "number_of_tweets"=>"0", "search_term"=>"cat", "to_date"=>"2018-11-11", "user_id"=>"2"}}
  [1m[35mUser Load (0.4ms)[0m  SELECT  "users".* FROM "users" WHERE "users"."session_token" = ? LIMIT 1  [["session_token", "jQJwI4bOZkLFptXbJaLwww=="]]
  [1m[36mSearches Load (0.5ms)[0m  [1mSELECT  "searches".* FROM "searches" WHERE "searches"."id" = ? LIMIT 1[0m  [["id", 12]]
  Rendered searches/display.html.haml within layouts/application (0.7ms)
Completed 200 OK in 32ms (Views: 27.6ms | ActiveRecord: 0.9ms)


Started POST "/searches_create" for 127.0.0.1 at 2018-11-11 18:45:49 -0600
Processing by SearchesController#create as HTML
  Parameters: {"utf8"=>"✓", "authenticity_token"=>"gkEOLlN2EfexVp6Z8/xnbT21afpl9T2vM7ssJcJ+eRB+IW0IJPEkH6Ga+b/6GZ59A2ScMj0GlwFrAL3v0Unl/A==", "searches"=>{"search_term"=>"cat"}, "time"=>"3", "commit"=>"Search"}
  [1m[35mUser Load (0.2ms)[0m  SELECT  "users".* FROM "users" WHERE "users"."session_token" = ? LIMIT 1  [["session_token", "jQJwI4bOZkLFptXbJaLwww=="]]
  [1m[36m (0.0ms)[0m  [1mbegin transaction[0m
  [1m[35mSQL (1.0ms)[0m  INSERT INTO "searches" ("user_id", "search_term", "from_date", "to_date", "number_of_tweets", "country", "created_at", "updated_at") VALUES (?, ?, ?, ?, ?, ?, ?, ?)  [["user_id", 2], ["search_term", "cat"], ["from_date", "2018-11-08"], ["to_date", "2018-11-11"], ["number_of_tweets", "0"], ["country", "Canada"], ["created_at", "2018-11-12 00:45:51.423271"], ["updated_at", "2018-11-12 00:45:51.423271"]]
  [1m[36m (13.1ms)[0m  [1mcommit transaction[0m
  [1m[35m (0.0ms)[0m  begin transaction
  [1m[36mSQL (0.9ms)[0m  [1mUPDATE "users" SET "current_search" = ?, "updated_at" = ? WHERE "users"."id" = ?[0m  [["current_search", "13"], ["updated_at", "2018-11-12 00:45:51.439715"], ["id", 2]]
  [1m[35m (16.8ms)[0m  commit transaction
Redirected to http://localhost:3000/searches_display?search_hash%5Bcountry%5D=Canada&search_hash%5Bfrom_date%5D=2018-11-08&search_hash%5Bgraph_data%5D=%7B%222018-11-8%22%3A0%2C%222018-11-9%22%3A0%2C%222018-11-10%22%3A89%2C%222018-11-11%22%3A92%2C%222018-11-12%22%3A4%7D&search_hash%5Bnumber_of_tweets%5D=0&search_hash%5Bsearch_term%5D=cat&search_hash%5Bto_date%5D=2018-11-11&search_hash%5Buser_id%5D=2
Completed 302 Found in 2335ms (ActiveRecord: 33.2ms)


Started GET "/searches_display?search_hash%5Bcountry%5D=Canada&search_hash%5Bfrom_date%5D=2018-11-08&search_hash%5Bgraph_data%5D=%7B%222018-11-8%22%3A0%2C%222018-11-9%22%3A0%2C%222018-11-10%22%3A89%2C%222018-11-11%22%3A92%2C%222018-11-12%22%3A4%7D&search_hash%5Bnumber_of_tweets%5D=0&search_hash%5Bsearch_term%5D=cat&search_hash%5Bto_date%5D=2018-11-11&search_hash%5Buser_id%5D=2" for 127.0.0.1 at 2018-11-11 18:45:51 -0600
Processing by SearchesController#display as HTML
  Parameters: {"search_hash"=>{"country"=>"Canada", "from_date"=>"2018-11-08", "graph_data"=>"{\"2018-11-8\":0,\"2018-11-9\":0,\"2018-11-10\":89,\"2018-11-11\":92,\"2018-11-12\":4}", "number_of_tweets"=>"0", "search_term"=>"cat", "to_date"=>"2018-11-11", "user_id"=>"2"}}
  [1m[36mUser Load (0.3ms)[0m  [1mSELECT  "users".* FROM "users" WHERE "users"."session_token" = ? LIMIT 1[0m  [["session_token", "jQJwI4bOZkLFptXbJaLwww=="]]
  [1m[35mSearches Load (0.3ms)[0m  SELECT  "searches".* FROM "searches" WHERE "searches"."id" = ? LIMIT 1  [["id", 13]]
  Rendered searches/display.html.haml within layouts/application (0.5ms)
Completed 200 OK in 31ms (Views: 24.6ms | ActiveRecord: 0.6ms)


Started POST "/searches_create" for 127.0.0.1 at 2018-11-11 18:50:09 -0600
Processing by SearchesController#create as HTML
  Parameters: {"utf8"=>"✓", "authenticity_token"=>"gkEOLlN2EfexVp6Z8/xnbT21afpl9T2vM7ssJcJ+eRB+IW0IJPEkH6Ga+b/6GZ59A2ScMj0GlwFrAL3v0Unl/A==", "searches"=>{"search_term"=>"cat"}, "time"=>"3", "commit"=>"Search"}
  [1m[36mUser Load (0.2ms)[0m  [1mSELECT  "users".* FROM "users" WHERE "users"."session_token" = ? LIMIT 1[0m  [["session_token", "jQJwI4bOZkLFptXbJaLwww=="]]
  [1m[35m (0.0ms)[0m  begin transaction
  [1m[36mSQL (1.0ms)[0m  [1mINSERT INTO "searches" ("user_id", "search_term", "from_date", "to_date", "number_of_tweets", "country", "created_at", "updated_at") VALUES (?, ?, ?, ?, ?, ?, ?, ?)[0m  [["user_id", 2], ["search_term", "cat"], ["from_date", "2018-11-08"], ["to_date", "2018-11-11"], ["number_of_tweets", "0"], ["country", "Canada"], ["created_at", "2018-11-12 00:50:11.463697"], ["updated_at", "2018-11-12 00:50:11.463697"]]
  [1m[35m (15.0ms)[0m  commit transaction
  [1m[36m (0.0ms)[0m  [1mbegin transaction[0m
  [1m[35mSQL (0.8ms)[0m  UPDATE "users" SET "current_search" = ?, "updated_at" = ? WHERE "users"."id" = ?  [["current_search", "14"], ["updated_at", "2018-11-12 00:50:11.482457"], ["id", 2]]
  [1m[36m (12.0ms)[0m  [1mcommit transaction[0m
Redirected to http://localhost:3000/searches_display?search_hash%5Bcountry%5D=Canada&search_hash%5Bfrom_date%5D=2018-11-08&search_hash%5Bgraph_data%5D=%7B%222018-11-08%22%3A66%2C%222018-11-09%22%3A98%2C%222018-11-10%22%3A89%2C%222018-11-11%22%3A92%2C%222018-11-12%22%3A4%7D&search_hash%5Bnumber_of_tweets%5D=0&search_hash%5Bsearch_term%5D=cat&search_hash%5Bto_date%5D=2018-11-11&search_hash%5Buser_id%5D=2
Completed 302 Found in 2308ms (ActiveRecord: 30.2ms)


Started GET "/searches_display?search_hash%5Bcountry%5D=Canada&search_hash%5Bfrom_date%5D=2018-11-08&search_hash%5Bgraph_data%5D=%7B%222018-11-08%22%3A66%2C%222018-11-09%22%3A98%2C%222018-11-10%22%3A89%2C%222018-11-11%22%3A92%2C%222018-11-12%22%3A4%7D&search_hash%5Bnumber_of_tweets%5D=0&search_hash%5Bsearch_term%5D=cat&search_hash%5Bto_date%5D=2018-11-11&search_hash%5Buser_id%5D=2" for 127.0.0.1 at 2018-11-11 18:50:11 -0600
Processing by SearchesController#display as HTML
  Parameters: {"search_hash"=>{"country"=>"Canada", "from_date"=>"2018-11-08", "graph_data"=>"{\"2018-11-08\":66,\"2018-11-09\":98,\"2018-11-10\":89,\"2018-11-11\":92,\"2018-11-12\":4}", "number_of_tweets"=>"0", "search_term"=>"cat", "to_date"=>"2018-11-11", "user_id"=>"2"}}
  [1m[35mUser Load (0.2ms)[0m  SELECT  "users".* FROM "users" WHERE "users"."session_token" = ? LIMIT 1  [["session_token", "jQJwI4bOZkLFptXbJaLwww=="]]
  [1m[36mSearches Load (0.5ms)[0m  [1mSELECT  "searches".* FROM "searches" WHERE "searches"."id" = ? LIMIT 1[0m  [["id", 14]]
  Rendered searches/display.html.haml within layouts/application (0.5ms)
Completed 200 OK in 35ms (Views: 27.4ms | ActiveRecord: 0.7ms)


Started POST "/searches_create" for 127.0.0.1 at 2018-11-11 18:55:53 -0600
Processing by SearchesController#create as HTML
  Parameters: {"utf8"=>"✓", "authenticity_token"=>"gkEOLlN2EfexVp6Z8/xnbT21afpl9T2vM7ssJcJ+eRB+IW0IJPEkH6Ga+b/6GZ59A2ScMj0GlwFrAL3v0Unl/A==", "searches"=>{"search_term"=>"cat"}, "time"=>"3", "commit"=>"Search"}
  [1m[35mUser Load (0.2ms)[0m  SELECT  "users".* FROM "users" WHERE "users"."session_token" = ? LIMIT 1  [["session_token", "jQJwI4bOZkLFptXbJaLwww=="]]
  [1m[36m (0.0ms)[0m  [1mbegin transaction[0m
  [1m[35mSQL (0.9ms)[0m  INSERT INTO "searches" ("user_id", "search_term", "from_date", "to_date", "country", "number_of_tweets", "created_at", "updated_at") VALUES (?, ?, ?, ?, ?, ?, ?, ?)  [["user_id", 2], ["search_term", "cat"], ["from_date", "2018-11-08"], ["to_date", "2018-11-11"], ["country", "Canada"], ["number_of_tweets", "{\"date\"=>\"2018-11-08\", \"value\"=>66}"], ["created_at", "2018-11-12 00:55:55.409271"], ["updated_at", "2018-11-12 00:55:55.409271"]]
  [1m[36m (11.6ms)[0m  [1mcommit transaction[0m
  [1m[35m (0.0ms)[0m  begin transaction
  [1m[36mSQL (0.9ms)[0m  [1mUPDATE "users" SET "current_search" = ?, "updated_at" = ? WHERE "users"."id" = ?[0m  [["current_search", "15"], ["updated_at", "2018-11-12 00:55:55.424200"], ["id", 2]]
  [1m[35m (13.8ms)[0m  commit transaction
Redirected to http://localhost:3000/searches_display?search_hash%5Bcountry%5D=Canada&search_hash%5Bfrom_date%5D=2018-11-08&search_hash%5Bgraph_data%5D=%7B%22date%22%3A%222018-11-09%22%2C%22value%22%3A98%7D&search_hash%5Bnumber_of_tweets%5D%5Bdate%5D=2018-11-08&search_hash%5Bnumber_of_tweets%5D%5Bvalue%5D=66&search_hash%5Bsearch_term%5D=cat&search_hash%5Bto_date%5D=2018-11-11&search_hash%5Buser_id%5D=2
Completed 302 Found in 2266ms (ActiveRecord: 28.7ms)


Started GET "/searches_display?search_hash%5Bcountry%5D=Canada&search_hash%5Bfrom_date%5D=2018-11-08&search_hash%5Bgraph_data%5D=%7B%22date%22%3A%222018-11-09%22%2C%22value%22%3A98%7D&search_hash%5Bnumber_of_tweets%5D%5Bdate%5D=2018-11-08&search_hash%5Bnumber_of_tweets%5D%5Bvalue%5D=66&search_hash%5Bsearch_term%5D=cat&search_hash%5Bto_date%5D=2018-11-11&search_hash%5Buser_id%5D=2" for 127.0.0.1 at 2018-11-11 18:55:55 -0600
Processing by SearchesController#display as HTML
  Parameters: {"search_hash"=>{"country"=>"Canada", "from_date"=>"2018-11-08", "graph_data"=>"{\"date\":\"2018-11-09\",\"value\":98}", "number_of_tweets"=>{"date"=>"2018-11-08", "value"=>"66"}, "search_term"=>"cat", "to_date"=>"2018-11-11", "user_id"=>"2"}}
  [1m[36mUser Load (0.3ms)[0m  [1mSELECT  "users".* FROM "users" WHERE "users"."session_token" = ? LIMIT 1[0m  [["session_token", "jQJwI4bOZkLFptXbJaLwww=="]]
  [1m[35mSearches Load (0.3ms)[0m  SELECT  "searches".* FROM "searches" WHERE "searches"."id" = ? LIMIT 1  [["id", 15]]
  Rendered searches/display.html.haml within layouts/application (0.5ms)
Completed 200 OK in 31ms (Views: 25.9ms | ActiveRecord: 0.6ms)


Started POST "/searches_create" for 127.0.0.1 at 2018-11-11 18:56:00 -0600
Processing by SearchesController#create as HTML
  Parameters: {"utf8"=>"✓", "authenticity_token"=>"gkEOLlN2EfexVp6Z8/xnbT21afpl9T2vM7ssJcJ+eRB+IW0IJPEkH6Ga+b/6GZ59A2ScMj0GlwFrAL3v0Unl/A==", "searches"=>{"search_term"=>"cat"}, "time"=>"3", "commit"=>"Search"}
  [1m[36mUser Load (0.2ms)[0m  [1mSELECT  "users".* FROM "users" WHERE "users"."session_token" = ? LIMIT 1[0m  [["session_token", "jQJwI4bOZkLFptXbJaLwww=="]]
  [1m[35m (0.1ms)[0m  begin transaction
  [1m[36mSQL (0.8ms)[0m  [1mINSERT INTO "searches" ("user_id", "search_term", "from_date", "to_date", "country", "number_of_tweets", "created_at", "updated_at") VALUES (?, ?, ?, ?, ?, ?, ?, ?)[0m  [["user_id", 2], ["search_term", "cat"], ["from_date", "2018-11-08"], ["to_date", "2018-11-11"], ["country", "Canada"], ["number_of_tweets", "{\"date\"=>\"2018-11-08\", \"value\"=>66}"], ["created_at", "2018-11-12 00:56:02.865997"], ["updated_at", "2018-11-12 00:56:02.865997"]]
  [1m[35m (12.0ms)[0m  commit transaction
  [1m[36m (0.0ms)[0m  [1mbegin transaction[0m
  [1m[35mSQL (0.9ms)[0m  UPDATE "users" SET "current_search" = ?, "updated_at" = ? WHERE "users"."id" = ?  [["current_search", "16"], ["updated_at", "2018-11-12 00:56:02.883166"], ["id", 2]]
  [1m[36m (15.9ms)[0m  [1mcommit transaction[0m
Redirected to http://localhost:3000/searches_display?search_hash%5Bcountry%5D=Canada&search_hash%5Bfrom_date%5D=2018-11-08&search_hash%5Bgraph_data%5D=%7B%22date%22%3A%222018-11-09%22%2C%22value%22%3A98%7D&search_hash%5Bnumber_of_tweets%5D%5Bdate%5D=2018-11-08&search_hash%5Bnumber_of_tweets%5D%5Bvalue%5D=66&search_hash%5Bsearch_term%5D=cat&search_hash%5Bto_date%5D=2018-11-11&search_hash%5Buser_id%5D=2
Completed 302 Found in 2190ms (ActiveRecord: 29.9ms)


Started GET "/searches_display?search_hash%5Bcountry%5D=Canada&search_hash%5Bfrom_date%5D=2018-11-08&search_hash%5Bgraph_data%5D=%7B%22date%22%3A%222018-11-09%22%2C%22value%22%3A98%7D&search_hash%5Bnumber_of_tweets%5D%5Bdate%5D=2018-11-08&search_hash%5Bnumber_of_tweets%5D%5Bvalue%5D=66&search_hash%5Bsearch_term%5D=cat&search_hash%5Bto_date%5D=2018-11-11&search_hash%5Buser_id%5D=2" for 127.0.0.1 at 2018-11-11 18:56:02 -0600
Processing by SearchesController#display as HTML
  Parameters: {"search_hash"=>{"country"=>"Canada", "from_date"=>"2018-11-08", "graph_data"=>"{\"date\":\"2018-11-09\",\"value\":98}", "number_of_tweets"=>{"date"=>"2018-11-08", "value"=>"66"}, "search_term"=>"cat", "to_date"=>"2018-11-11", "user_id"=>"2"}}
  [1m[35mUser Load (0.2ms)[0m  SELECT  "users".* FROM "users" WHERE "users"."session_token" = ? LIMIT 1  [["session_token", "jQJwI4bOZkLFptXbJaLwww=="]]
  [1m[36mSearches Load (0.2ms)[0m  [1mSELECT  "searches".* FROM "searches" WHERE "searches"."id" = ? LIMIT 1[0m  [["id", 16]]
  Rendered searches/display.html.haml within layouts/application (0.5ms)
Completed 200 OK in 26ms (Views: 22.3ms | ActiveRecord: 0.4ms)


Started POST "/searches_create" for 127.0.0.1 at 2018-11-11 18:58:53 -0600
Processing by SearchesController#create as HTML
  Parameters: {"utf8"=>"✓", "authenticity_token"=>"gkEOLlN2EfexVp6Z8/xnbT21afpl9T2vM7ssJcJ+eRB+IW0IJPEkH6Ga+b/6GZ59A2ScMj0GlwFrAL3v0Unl/A==", "searches"=>{"search_term"=>"cat"}, "time"=>"3", "commit"=>"Search"}
  [1m[35mUser Load (0.2ms)[0m  SELECT  "users".* FROM "users" WHERE "users"."session_token" = ? LIMIT 1  [["session_token", "jQJwI4bOZkLFptXbJaLwww=="]]
  [1m[36m (0.0ms)[0m  [1mbegin transaction[0m
  [1m[35mSQL (0.9ms)[0m  INSERT INTO "searches" ("user_id", "search_term", "from_date", "to_date", "number_of_tweets", "country", "created_at", "updated_at") VALUES (?, ?, ?, ?, ?, ?, ?, ?)  [["user_id", 2], ["search_term", "cat"], ["from_date", "2018-11-08"], ["to_date", "2018-11-11"], ["number_of_tweets", "0"], ["country", "Canada"], ["created_at", "2018-11-12 00:58:55.883214"], ["updated_at", "2018-11-12 00:58:55.883214"]]
  [1m[36m (13.2ms)[0m  [1mcommit transaction[0m
  [1m[35m (0.1ms)[0m  begin transaction
  [1m[36mSQL (1.0ms)[0m  [1mUPDATE "users" SET "current_search" = ?, "updated_at" = ? WHERE "users"."id" = ?[0m  [["current_search", "17"], ["updated_at", "2018-11-12 00:58:55.900059"], ["id", 2]]
  [1m[35m (13.4ms)[0m  commit transaction
Redirected to http://localhost:3000/searches_display?search_hash%5Bcountry%5D=Canada&search_hash%5Bfrom_date%5D=2018-11-08&search_hash%5Bgraph_data%5D=%5B%7B%22date%22%3A%222018-11-08%22%2C%22value%22%3A66%7D%2C%7B%22date%22%3A%222018-11-09%22%2C%22value%22%3A98%7D%2C%7B%22date%22%3A%222018-11-10%22%2C%22value%22%3A89%7D%2C%7B%22date%22%3A%222018-11-11%22%2C%22value%22%3A92%7D%5D&search_hash%5Bnumber_of_tweets%5D=0&search_hash%5Bsearch_term%5D=cat&search_hash%5Bto_date%5D=2018-11-11&search_hash%5Buser_id%5D=2
Completed 302 Found in 2296ms (ActiveRecord: 30.0ms)


Started GET "/searches_display?search_hash%5Bcountry%5D=Canada&search_hash%5Bfrom_date%5D=2018-11-08&search_hash%5Bgraph_data%5D=%5B%7B%22date%22%3A%222018-11-08%22%2C%22value%22%3A66%7D%2C%7B%22date%22%3A%222018-11-09%22%2C%22value%22%3A98%7D%2C%7B%22date%22%3A%222018-11-10%22%2C%22value%22%3A89%7D%2C%7B%22date%22%3A%222018-11-11%22%2C%22value%22%3A92%7D%5D&search_hash%5Bnumber_of_tweets%5D=0&search_hash%5Bsearch_term%5D=cat&search_hash%5Bto_date%5D=2018-11-11&search_hash%5Buser_id%5D=2" for 127.0.0.1 at 2018-11-11 18:58:55 -0600
Processing by SearchesController#display as HTML
  Parameters: {"search_hash"=>{"country"=>"Canada", "from_date"=>"2018-11-08", "graph_data"=>"[{\"date\":\"2018-11-08\",\"value\":66},{\"date\":\"2018-11-09\",\"value\":98},{\"date\":\"2018-11-10\",\"value\":89},{\"date\":\"2018-11-11\",\"value\":92}]", "number_of_tweets"=>"0", "search_term"=>"cat", "to_date"=>"2018-11-11", "user_id"=>"2"}}
  [1m[36mUser Load (0.2ms)[0m  [1mSELECT  "users".* FROM "users" WHERE "users"."session_token" = ? LIMIT 1[0m  [["session_token", "jQJwI4bOZkLFptXbJaLwww=="]]
  [1m[35mSearches Load (0.2ms)[0m  SELECT  "searches".* FROM "searches" WHERE "searches"."id" = ? LIMIT 1  [["id", 17]]
  Rendered searches/display.html.haml within layouts/application (0.5ms)
Completed 200 OK in 27ms (Views: 25.3ms | ActiveRecord: 0.4ms)


Started POST "/searches_create" for 127.0.0.1 at 2018-11-11 18:59:04 -0600
Processing by SearchesController#create as HTML
  Parameters: {"utf8"=>"✓", "authenticity_token"=>"gkEOLlN2EfexVp6Z8/xnbT21afpl9T2vM7ssJcJ+eRB+IW0IJPEkH6Ga+b/6GZ59A2ScMj0GlwFrAL3v0Unl/A==", "searches"=>{"search_term"=>"cat"}, "time"=>"3", "commit"=>"Search"}
  [1m[36mUser Load (0.2ms)[0m  [1mSELECT  "users".* FROM "users" WHERE "users"."session_token" = ? LIMIT 1[0m  [["session_token", "jQJwI4bOZkLFptXbJaLwww=="]]
  [1m[35m (0.0ms)[0m  begin transaction
  [1m[36mSQL (0.9ms)[0m  [1mINSERT INTO "searches" ("user_id", "search_term", "from_date", "to_date", "number_of_tweets", "country", "created_at", "updated_at") VALUES (?, ?, ?, ?, ?, ?, ?, ?)[0m  [["user_id", 2], ["search_term", "cat"], ["from_date", "2018-11-08"], ["to_date", "2018-11-11"], ["number_of_tweets", "0"], ["country", "Canada"], ["created_at", "2018-11-12 00:59:06.794639"], ["updated_at", "2018-11-12 00:59:06.794639"]]
  [1m[35m (11.6ms)[0m  commit transaction
  [1m[36m (0.0ms)[0m  [1mbegin transaction[0m
  [1m[35mSQL (0.8ms)[0m  UPDATE "users" SET "current_search" = ?, "updated_at" = ? WHERE "users"."id" = ?  [["current_search", "18"], ["updated_at", "2018-11-12 00:59:06.811846"], ["id", 2]]
  [1m[36m (25.3ms)[0m  [1mcommit transaction[0m
Redirected to http://localhost:3000/searches_display?search_hash%5Bcountry%5D=Canada&search_hash%5Bfrom_date%5D=2018-11-08&search_hash%5Bgraph_data%5D=%5B%7B%22date%22%3A%222018-11-08%22%2C%22value%22%3A66%7D%2C%7B%22date%22%3A%222018-11-09%22%2C%22value%22%3A98%7D%2C%7B%22date%22%3A%222018-11-10%22%2C%22value%22%3A89%7D%2C%7B%22date%22%3A%222018-11-11%22%2C%22value%22%3A92%7D%5D&search_hash%5Bnumber_of_tweets%5D=0&search_hash%5Bsearch_term%5D=cat&search_hash%5Bto_date%5D=2018-11-11&search_hash%5Buser_id%5D=2
Completed 302 Found in 2555ms (ActiveRecord: 39.0ms)


Started GET "/searches_display?search_hash%5Bcountry%5D=Canada&search_hash%5Bfrom_date%5D=2018-11-08&search_hash%5Bgraph_data%5D=%5B%7B%22date%22%3A%222018-11-08%22%2C%22value%22%3A66%7D%2C%7B%22date%22%3A%222018-11-09%22%2C%22value%22%3A98%7D%2C%7B%22date%22%3A%222018-11-10%22%2C%22value%22%3A89%7D%2C%7B%22date%22%3A%222018-11-11%22%2C%22value%22%3A92%7D%5D&search_hash%5Bnumber_of_tweets%5D=0&search_hash%5Bsearch_term%5D=cat&search_hash%5Bto_date%5D=2018-11-11&search_hash%5Buser_id%5D=2" for 127.0.0.1 at 2018-11-11 18:59:06 -0600
Processing by SearchesController#display as HTML
  Parameters: {"search_hash"=>{"country"=>"Canada", "from_date"=>"2018-11-08", "graph_data"=>"[{\"date\":\"2018-11-08\",\"value\":66},{\"date\":\"2018-11-09\",\"value\":98},{\"date\":\"2018-11-10\",\"value\":89},{\"date\":\"2018-11-11\",\"value\":92}]", "number_of_tweets"=>"0", "search_term"=>"cat", "to_date"=>"2018-11-11", "user_id"=>"2"}}
  [1m[35mUser Load (0.4ms)[0m  SELECT  "users".* FROM "users" WHERE "users"."session_token" = ? LIMIT 1  [["session_token", "jQJwI4bOZkLFptXbJaLwww=="]]
  [1m[36mSearches Load (0.2ms)[0m  [1mSELECT  "searches".* FROM "searches" WHERE "searches"."id" = ? LIMIT 1[0m  [["id", 18]]
  Rendered searches/display.html.haml within layouts/application (0.5ms)
Completed 200 OK in 27ms (Views: 24.2ms | ActiveRecord: 0.6ms)
